<?xml version="1.0" encoding="UTF-8"?>
<!-- Generated by org.testng.reporters.JUnitXMLReporter -->
<testsuite hostname="Rafaels-MacBook-Pro.local" ignored="10" name="Surefire test" tests="54" failures="1" timestamp="2021-08-10T18:34:03 EDT" time="346.74" errors="0">
  <testcase name="clickApplicationListAndVerifyUrl" time="3.269" classname="tests.ApplicationTest"/>
  <testcase name="clickMortgageAppAndVerifyUrl" time="3.138" classname="tests.ApplicationTest"/>
  <testcase name="logOutTest" time="2.15" classname="tests.ApplicationTest"/>
  <testcase name="verifyLoanApplicationPageTitle" time="1.475" classname="tests.ApplicationTest"/>
  <testcase name="creditReportPositiveTest" time="11.046" classname="tests.MortgageApplicationTests"/>
  <testcase name="eConsentPageTest" time="9.792" classname="tests.MortgageApplicationTests"/>
  <testcase name="eConsentPositiveTest" time="15.608" classname="tests.MortgageApplicationTests">
    <failure type="org.openqa.selenium.ElementNotInteractableException" message="element not interactable
  (Session info: chrome=92.0.4515.131)
Build info: version: &amp;apos;3.141.59&amp;apos;, revision: &amp;apos;e82be7d358&amp;apos;, time: &amp;apos;2018-11-14T08:17:03&amp;apos;
System info: host: &amp;apos;Rafaels-MacBook-Pro.local&amp;apos;, ip: &amp;apos;fe80:0:0:0:c72:5eef:b723:f97f%en0&amp;apos;, os.name: &amp;apos;Mac OS X&amp;apos;, os.arch: &amp;apos;x86_64&amp;apos;, os.version: &amp;apos;10.16&amp;apos;, java.version: &amp;apos;1.8.0_281&amp;apos;
Driver info: org.openqa.selenium.chrome.ChromeDriver
Capabilities {acceptInsecureCerts: false, browserName: chrome, browserVersion: 92.0.4515.131, chrome: {chromedriverVersion: 92.0.4515.107 (87a818b10553..., userDataDir: /var/folders/vb/mz_37vxn07g...}, goog:chromeOptions: {debuggerAddress: localhost:59055}, javascriptEnabled: true, networkConnectionEnabled: false, pageLoadStrategy: normal, platform: MAC, platformName: MAC, proxy: Proxy(), setWindowRect: true, strictFileInteractability: false, timeouts: {implicit: 0, pageLoad: 300000, script: 30000}, unhandledPromptBehavior: dismiss and notify, webauthn:extension:credBlob: true, webauthn:extension:largeBlob: true, webauthn:virtualAuthenticators: true}
Session ID: 3f9ad4e5b0f651c010c8b6b906323449">
      <![CDATA[org.openqa.selenium.ElementNotInteractableException: element not interactable
  (Session info: chrome=92.0.4515.131)
Build info: version: '3.141.59', revision: 'e82be7d358', time: '2018-11-14T08:17:03'
System info: host: 'Rafaels-MacBook-Pro.local', ip: 'fe80:0:0:0:c72:5eef:b723:f97f%en0', os.name: 'Mac OS X', os.arch: 'x86_64', os.version: '10.16', java.version: '1.8.0_281'
Driver info: org.openqa.selenium.chrome.ChromeDriver
Capabilities {acceptInsecureCerts: false, browserName: chrome, browserVersion: 92.0.4515.131, chrome: {chromedriverVersion: 92.0.4515.107 (87a818b10553..., userDataDir: /var/folders/vb/mz_37vxn07g...}, goog:chromeOptions: {debuggerAddress: localhost:59055}, javascriptEnabled: true, networkConnectionEnabled: false, pageLoadStrategy: normal, platform: MAC, platformName: MAC, proxy: Proxy(), setWindowRect: true, strictFileInteractability: false, timeouts: {implicit: 0, pageLoad: 300000, script: 30000}, unhandledPromptBehavior: dismiss and notify, webauthn:extension:credBlob: true, webauthn:extension:largeBlob: true, webauthn:virtualAuthenticators: true}
Session ID: 3f9ad4e5b0f651c010c8b6b906323449
at org.openqa.selenium.remote.http.W3CHttpResponseCodec.createException(W3CHttpResponseCodec.java:187)
at org.openqa.selenium.remote.http.W3CHttpResponseCodec.decode(W3CHttpResponseCodec.java:122)
at org.openqa.selenium.remote.http.W3CHttpResponseCodec.decode(W3CHttpResponseCodec.java:49)
at org.openqa.selenium.remote.HttpCommandExecutor.execute(HttpCommandExecutor.java:158)
at org.openqa.selenium.remote.service.DriverCommandExecutor.execute(DriverCommandExecutor.java:83)
at org.openqa.selenium.remote.RemoteWebDriver.execute(RemoteWebDriver.java:552)
at org.openqa.selenium.remote.RemoteWebElement.execute(RemoteWebElement.java:285)
at org.openqa.selenium.remote.RemoteWebElement.sendKeys(RemoteWebElement.java:106)
at org.openqa.selenium.support.pagefactory.internal.LocatingElementHandler.invoke(LocatingElementHandler.java:51)
at com.sun.proxy.$Proxy11.sendKeys(Unknown Source)
at tests.MortgageApplicationTests.eConsentPositiveTest(MortgageApplicationTests.java:526)
at java.util.ArrayList.forEach(ArrayList.java:1259)
... Removed 39 stack frames]]>
    </failure>
  </testcase> <!-- eConsentPositiveTest -->
  <testcase name="eConsentPositiveTestWithWrongEmailFormat" time="13.065" classname="tests.MortgageApplicationTests"/>
  <testcase name="eConsentPositiveTestWithWrongFirstName" time="12.174" classname="tests.MortgageApplicationTests"/>
  <testcase name="eConsentPositiveTestWithWrongLastName" time="17.054" classname="tests.MortgageApplicationTests"/>
  <testcase name="employmentAndIncomePositiveTest" time="13.062" classname="tests.MortgageApplicationTests"/>
  <testcase name="employmentAndIncomeTestCheckingMonthlyIncomeCalculation" time="12.852" classname="tests.MortgageApplicationTests"/>
  <testcase name="employmentAndIncomeTestWithNegativeMonthlyBonuses" time="20.578" classname="tests.MortgageApplicationTests"/>
  <testcase name="employmentAndIncomeTestWithNegativeMonthlyCommissions" time="14.541" classname="tests.MortgageApplicationTests"/>
  <testcase name="employmentAndIncomeTestWithNegativeMonthlyDividends" time="15.156" classname="tests.MortgageApplicationTests"/>
  <testcase name="employmentAndIncomeTestWithNegativeMonthlyIncome" time="13.994" classname="tests.MortgageApplicationTests"/>
  <testcase name="employmentAndIncomeTestWithNegativeMonthlyOvertime" time="10.814" classname="tests.MortgageApplicationTests"/>
  <testcase name="employmentAndIncomeTestWithNoEmployerName" time="12.686" classname="tests.MortgageApplicationTests"/>
  <testcase name="expensesPageTestCheckingErrorText" time="8.465" classname="tests.MortgageApplicationTests"/>
  <testcase name="expensesPositiveTest" time="8.248" classname="tests.MortgageApplicationTests"/>
  <testcase name="mortgageApplicationHealthCheck" time="2.298" classname="tests.MortgageApplicationTests"/>
  <testcase name="personalInformationNegativeTestWithEmptyName" time="7.042" classname="tests.MortgageApplicationTests"/>
  <testcase name="personalInformationNegativeTestWithWrongDateOfBirth" time="7.322" classname="tests.MortgageApplicationTests"/>
  <testcase name="personalInformationNegativeTestWithWrongSSN" time="9.157" classname="tests.MortgageApplicationTests"/>
  <testcase name="personalInformationPageTest" time="5.106" classname="tests.MortgageApplicationTests"/>
  <testcase name="personalInformationPositiveTest" time="6.207" classname="tests.MortgageApplicationTests"/>
  <testcase name="personalInformationTestAndClickPrivacyPolicyLink" time="3.246" classname="tests.MortgageApplicationTests"/>
  <testcase name="personalInformationTestForASingleCustomer" time="3.913" classname="tests.MortgageApplicationTests"/>
  <testcase name="personalInformationTestNoClickingPrivatePolicy" time="3.561" classname="tests.MortgageApplicationTests"/>
  <testcase name="personalInformationTestWithWrongCellNumber" time="3.413" classname="tests.MortgageApplicationTests"/>
  <testcase name="personalInformationTestWithWrongEmailFormat" time="3.703" classname="tests.MortgageApplicationTests"/>
  <testcase name="preapprovalDetailsNegativeTestWithWrongRealtorInfo" time="2.523" classname="tests.MortgageApplicationTests"/>
  <testcase name="preapprovalDetailsPageTest" time="1.516" classname="tests.MortgageApplicationTests"/>
  <testcase name="preapprovalDetailsPositiveTest" time="2.791" classname="tests.MortgageApplicationTests"/>
  <testcase name="preapprovalDetailsTestCheckingCalculatedLoanAmount" time="2.327" classname="tests.MortgageApplicationTests"/>
  <testcase name="summaryPageTest" time="8.24" classname="tests.MortgageApplicationTests"/>
  <testcase name="appHealthCheck" time="0.006" classname="tests.LoginTests"/>
  <testcase name="loginAndVerifyUrl" time="0.682" classname="tests.LoginTests"/>
  <testcase name="negativeLoginWithRandomCharactersInsteadOfEmail" time="0.695" classname="tests.LoginTests"/>
  <testcase name="negativeLoginWithRandomEmailAndPass" time="0.37" classname="tests.LoginTests"/>
  <testcase name="positiveLogin" time="0.947" classname="tests.LoginTests"/>
  <testcase name="loginAndVerifyUsername" time="0.777" classname="tests.LoginTests"/>
  <testcase name="appPageHealthCheck" time="1.375" classname="tests.ApplicationListTest"/>
  <testcase name="homeButtonCheck" time="1.321" classname="tests.ApplicationListTest"/>
  <testcase name="loanButtonCheck" time="1.38" classname="tests.ApplicationListTest"/>
  <testcase name="SignUpWithExistingUser" time="0.612" classname="tests.SignUpTests"/>
  <testcase name="SignUpWithUnsafePassword" time="3.809" classname="tests.SignUpTests"/>
  <testcase name="SignUpWithUnusualNameAndWrongEmailFormat" time="0.596" classname="tests.SignUpTests"/>
  <testcase name="negativeSignUpWithCharactersInsteadOfEmail" time="3.875" classname="tests.SignUpTests"/>
  <testcase name="negativeSignUpWithEmptyFirstName" time="3.837" classname="tests.SignUpTests"/>
  <testcase name="negativeSignUpWithEmptyLastName" time="3.761" classname="tests.SignUpTests"/>
  <testcase name="negativeSignUpWithWrongEmail" time="0.507" classname="tests.SignUpTests"/>
  <testcase name="positiveSignUpWithFaker" time="3.729" classname="tests.SignUpTests"/>
  <testcase name="positiveSignUpWithMockData" time="3.702" classname="tests.SignUpTests"/>
  <testcase name="@AfterSuite tearDownReport" time="0.0" classname="tests.TestBase">
    <ignored/>
  </testcase> <!-- @AfterSuite tearDownReport -->
  <testcase name="@AfterSuite tearDownReport" time="0.0" classname="tests.TestBase">
    <ignored/>
  </testcase> <!-- @AfterSuite tearDownReport -->
  <testcase name="@AfterSuite tearDownReport" time="0.0" classname="tests.TestBase">
    <ignored/>
  </testcase> <!-- @AfterSuite tearDownReport -->
  <testcase name="@AfterSuite tearDownReport" time="0.0" classname="tests.TestBase">
    <ignored/>
  </testcase> <!-- @AfterSuite tearDownReport -->
  <testcase name="@AfterSuite tearDownReport" time="0.0" classname="tests.TestBase">
    <ignored/>
  </testcase> <!-- @AfterSuite tearDownReport -->
  <testcase name="@BeforeSuite setupReport" time="0.0" classname="tests.TestBase">
    <ignored/>
  </testcase> <!-- @BeforeSuite setupReport -->
  <testcase name="@BeforeSuite setupReport" time="0.0" classname="tests.TestBase">
    <ignored/>
  </testcase> <!-- @BeforeSuite setupReport -->
  <testcase name="@BeforeSuite setupReport" time="0.0" classname="tests.TestBase">
    <ignored/>
  </testcase> <!-- @BeforeSuite setupReport -->
  <testcase name="@BeforeSuite setupReport" time="0.0" classname="tests.TestBase">
    <ignored/>
  </testcase> <!-- @BeforeSuite setupReport -->
  <testcase name="@BeforeSuite setupReport" time="0.0" classname="tests.TestBase">
    <ignored/>
  </testcase> <!-- @BeforeSuite setupReport -->
</testsuite> <!-- Surefire test -->
