<html>
<head>
<title>TestNG:  Surefire test</title>
<link href="../testng.css" rel="stylesheet" type="text/css" />
<link href="../my-testng.css" rel="stylesheet" type="text/css" />

<style type="text/css">
.log { display: none;} 
.stack-trace { display: none;} 
</style>
<script type="text/javascript">
<!--
function flip(e) {
  current = e.style.display;
  if (current == 'block') {
    e.style.display = 'none';
    return 0;
  }
  else {
    e.style.display = 'block';
    return 1;
  }
}

function toggleBox(szDivId, elem, msg1, msg2)
{
  var res = -1;  if (document.getElementById) {
    res = flip(document.getElementById(szDivId));
  }
  else if (document.all) {
    // this is the way old msie versions work
    res = flip(document.all[szDivId]);
  }
  if(elem) {
    if(res == 0) elem.innerHTML = msg1; else elem.innerHTML = msg2;
  }

}

function toggleAllBoxes() {
  if (document.getElementsByTagName) {
    d = document.getElementsByTagName('div');
    for (i = 0; i < d.length; i++) {
      if (d[i].className == 'log') {
        flip(d[i]);
      }
    }
  }
}

// -->
</script>

</head>
<body>
<h2 align='center'>Surefire test</h2><table border='1' align="center">
<tr>
<td>Tests passed/Failed/Skipped:</td><td>53/1/0</td>
</tr><tr>
<td>Started on:</td><td>Tue Aug 10 18:28:16 EDT 2021</td>
</tr>
<tr><td>Total time:</td><td>346 seconds (346740 ms)</td>
</tr><tr>
<td>Included groups:</td><td></td>
</tr><tr>
<td>Excluded groups:</td><td></td>
</tr>
</table><p/>
<small><i>(Hover the method name to see the test class name)</i></small><p/>
<table width='100%' border='1' class='invocation-failed'>
<tr><td colspan='4' align='center'><b>FAILED TESTS</b></td></tr>
<tr><td><b>Test method</b></td>
<td width="30%"><b>Exception</b></td>
<td width="10%"><b>Time (seconds)</b></td>
<td><b>Instance</b></td>
</tr>
<tr>
<td title='tests.MortgageApplicationTests.eConsentPositiveTest()'><b>eConsentPositiveTest</b><br>Test class: tests.MortgageApplicationTests</td>
<td><div><pre>org.openqa.selenium.ElementNotInteractableException: element not interactable
  (Session info: chrome=92.0.4515.131)
Build info: version: &apos;3.141.59&apos;, revision: &apos;e82be7d358&apos;, time: &apos;2018-11-14T08:17:03&apos;
System info: host: &apos;Rafaels-MacBook-Pro.local&apos;, ip: &apos;fe80:0:0:0:c72:5eef:b723:f97f%en0&apos;, os.name: &apos;Mac OS X&apos;, os.arch: &apos;x86_64&apos;, os.version: &apos;10.16&apos;, java.version: &apos;1.8.0_281&apos;
Driver info: org.openqa.selenium.chrome.ChromeDriver
Capabilities {acceptInsecureCerts: false, browserName: chrome, browserVersion: 92.0.4515.131, chrome: {chromedriverVersion: 92.0.4515.107 (87a818b10553..., userDataDir: /var/folders/vb/mz_37vxn07g...}, goog:chromeOptions: {debuggerAddress: localhost:59055}, javascriptEnabled: true, networkConnectionEnabled: false, pageLoadStrategy: normal, platform: MAC, platformName: MAC, proxy: Proxy(), setWindowRect: true, strictFileInteractability: false, timeouts: {implicit: 0, pageLoad: 300000, script: 30000}, unhandledPromptBehavior: dismiss and notify, webauthn:extension:credBlob: true, webauthn:extension:largeBlob: true, webauthn:virtualAuthenticators: true}
Session ID: 3f9ad4e5b0f651c010c8b6b906323449
	at org.openqa.selenium.remote.http.W3CHttpResponseCodec.createException(W3CHttpResponseCodec.java:187)
	at org.openqa.selenium.remote.http.W3CHttpResponseCodec.decode(W3CHttpResponseCodec.java:122)
	at org.openqa.selenium.remote.http.W3CHttpResponseCodec.decode(W3CHttpResponseCodec.java:49)
	at org.openqa.selenium.remote.HttpCommandExecutor.execute(HttpCommandExecutor.java:158)
	at org.openqa.selenium.remote.service.DriverCommandExecutor.execute(DriverCommandExecutor.java:83)
	at org.openqa.selenium.remote.RemoteWebDriver.execute(RemoteWebDriver.java:552)
	at org.openqa.selenium.remote.RemoteWebElement.execute(RemoteWebElement.java:285)
	at org.openqa.selenium.remote.RemoteWebElement.sendKeys(RemoteWebElement.java:106)
	at org.openqa.selenium.support.pagefactory.internal.LocatingElementHandler.invoke(LocatingElementHandler.java:51)
	at com.sun.proxy.$Proxy11.sendKeys(Unknown Source)
	at tests.MortgageApplicationTests.eConsentPositiveTest(MortgageApplicationTests.java:526)
	at java.util.ArrayList.forEach(ArrayList.java:1259)
... Removed 39 stack frames</pre></div><a href='#' onClick='toggleBox("stack-trace2050658016", this, "Click to show all stack frames", "Click to hide stack frames")'>Click to show all stack frames</a>
<div class='stack-trace' id='stack-trace2050658016'><pre>org.openqa.selenium.ElementNotInteractableException: element not interactable
  (Session info: chrome=92.0.4515.131)
Build info: version: &apos;3.141.59&apos;, revision: &apos;e82be7d358&apos;, time: &apos;2018-11-14T08:17:03&apos;
System info: host: &apos;Rafaels-MacBook-Pro.local&apos;, ip: &apos;fe80:0:0:0:c72:5eef:b723:f97f%en0&apos;, os.name: &apos;Mac OS X&apos;, os.arch: &apos;x86_64&apos;, os.version: &apos;10.16&apos;, java.version: &apos;1.8.0_281&apos;
Driver info: org.openqa.selenium.chrome.ChromeDriver
Capabilities {acceptInsecureCerts: false, browserName: chrome, browserVersion: 92.0.4515.131, chrome: {chromedriverVersion: 92.0.4515.107 (87a818b10553..., userDataDir: /var/folders/vb/mz_37vxn07g...}, goog:chromeOptions: {debuggerAddress: localhost:59055}, javascriptEnabled: true, networkConnectionEnabled: false, pageLoadStrategy: normal, platform: MAC, platformName: MAC, proxy: Proxy(), setWindowRect: true, strictFileInteractability: false, timeouts: {implicit: 0, pageLoad: 300000, script: 30000}, unhandledPromptBehavior: dismiss and notify, webauthn:extension:credBlob: true, webauthn:extension:largeBlob: true, webauthn:virtualAuthenticators: true}
Session ID: 3f9ad4e5b0f651c010c8b6b906323449
	at sun.reflect.NativeConstructorAccessorImpl.newInstance0(Native Method)
	at sun.reflect.NativeConstructorAccessorImpl.newInstance(NativeConstructorAccessorImpl.java:62)
	at sun.reflect.DelegatingConstructorAccessorImpl.newInstance(DelegatingConstructorAccessorImpl.java:45)
	at java.lang.reflect.Constructor.newInstance(Constructor.java:423)
	at org.openqa.selenium.remote.http.W3CHttpResponseCodec.createException(W3CHttpResponseCodec.java:187)
	at org.openqa.selenium.remote.http.W3CHttpResponseCodec.decode(W3CHttpResponseCodec.java:122)
	at org.openqa.selenium.remote.http.W3CHttpResponseCodec.decode(W3CHttpResponseCodec.java:49)
	at org.openqa.selenium.remote.HttpCommandExecutor.execute(HttpCommandExecutor.java:158)
	at org.openqa.selenium.remote.service.DriverCommandExecutor.execute(DriverCommandExecutor.java:83)
	at org.openqa.selenium.remote.RemoteWebDriver.execute(RemoteWebDriver.java:552)
	at org.openqa.selenium.remote.RemoteWebElement.execute(RemoteWebElement.java:285)
	at org.openqa.selenium.remote.RemoteWebElement.sendKeys(RemoteWebElement.java:106)
	at sun.reflect.GeneratedMethodAccessor1.invoke(Unknown Source)
	at sun.reflect.DelegatingMethodAccessorImpl.invoke(DelegatingMethodAccessorImpl.java:43)
	at java.lang.reflect.Method.invoke(Method.java:498)
	at org.openqa.selenium.support.pagefactory.internal.LocatingElementHandler.invoke(LocatingElementHandler.java:51)
	at com.sun.proxy.$Proxy11.sendKeys(Unknown Source)
	at tests.MortgageApplicationTests.eConsentPositiveTest(MortgageApplicationTests.java:526)
	at sun.reflect.NativeMethodAccessorImpl.invoke0(Native Method)
	at sun.reflect.NativeMethodAccessorImpl.invoke(NativeMethodAccessorImpl.java:62)
	at sun.reflect.DelegatingMethodAccessorImpl.invoke(DelegatingMethodAccessorImpl.java:43)
	at java.lang.reflect.Method.invoke(Method.java:498)
	at org.testng.internal.MethodInvocationHelper.invokeMethod(MethodInvocationHelper.java:133)
	at org.testng.internal.TestInvoker.invokeMethod(TestInvoker.java:598)
	at org.testng.internal.TestInvoker.invokeTestMethod(TestInvoker.java:173)
	at org.testng.internal.MethodRunner.runInSequence(MethodRunner.java:46)
	at org.testng.internal.TestInvoker$MethodInvocationAgent.invoke(TestInvoker.java:824)
	at org.testng.internal.TestInvoker.invokeTestMethods(TestInvoker.java:146)
	at org.testng.internal.TestMethodWorker.invokeTestMethods(TestMethodWorker.java:146)
	at org.testng.internal.TestMethodWorker.run(TestMethodWorker.java:128)
	at java.util.ArrayList.forEach(ArrayList.java:1259)
	at org.testng.TestRunner.privateRun(TestRunner.java:794)
	at org.testng.TestRunner.run(TestRunner.java:596)
	at org.testng.SuiteRunner.runTest(SuiteRunner.java:377)
	at org.testng.SuiteRunner.runSequentially(SuiteRunner.java:371)
	at org.testng.SuiteRunner.privateRun(SuiteRunner.java:332)
	at org.testng.SuiteRunner.run(SuiteRunner.java:276)
	at org.testng.SuiteRunnerWorker.runSuite(SuiteRunnerWorker.java:53)
	at org.testng.SuiteRunnerWorker.run(SuiteRunnerWorker.java:96)
	at org.testng.TestNG.runSuitesSequentially(TestNG.java:1212)
	at org.testng.TestNG.runSuitesLocally(TestNG.java:1134)
	at org.testng.TestNG.runSuites(TestNG.java:1063)
	at org.testng.TestNG.run(TestNG.java:1031)
	at org.apache.maven.surefire.testng.TestNGExecutor.run(TestNGExecutor.java:136)
	at org.apache.maven.surefire.testng.TestNGDirectoryTestSuite.executeMulti(TestNGDirectoryTestSuite.java:193)
	at org.apache.maven.surefire.testng.TestNGDirectoryTestSuite.execute(TestNGDirectoryTestSuite.java:94)
	at org.apache.maven.surefire.testng.TestNGProvider.invoke(TestNGProvider.java:145)
	at org.apache.maven.surefire.booter.ForkedBooter.runSuitesInProcess(ForkedBooter.java:428)
	at org.apache.maven.surefire.booter.ForkedBooter.execute(ForkedBooter.java:162)
	at org.apache.maven.surefire.booter.ForkedBooter.run(ForkedBooter.java:562)
	at org.apache.maven.surefire.booter.ForkedBooter.main(ForkedBooter.java:548)
</pre></div></td>
<td>15</td>
<td>tests.MortgageApplicationTests@79f3f34c</td></tr>
</table><p>
<table width='100%' border='1' class='invocation-passed'>
<tr><td colspan='4' align='center'><b>PASSED TESTS</b></td></tr>
<tr><td><b>Test method</b></td>
<td width="30%"><b>Exception</b></td>
<td width="10%"><b>Time (seconds)</b></td>
<td><b>Instance</b></td>
</tr>
<tr>
<td title='tests.LoginTests.loginAndVerifyUrl()'><b>loginAndVerifyUrl</b><br>Test class: tests.LoginTests</td>
<td></td>
<td>0</td>
<td>tests.LoginTests@5295779</td></tr>
<tr>
<td title='tests.LoginTests.negativeLoginWithRandomEmailAndPass()'><b>negativeLoginWithRandomEmailAndPass</b><br>Test class: tests.LoginTests</td>
<td></td>
<td>0</td>
<td>tests.LoginTests@5295779</td></tr>
<tr>
<td title='tests.MortgageApplicationTests.personalInformationPageTest()'><b>personalInformationPageTest</b><br>Test class: tests.MortgageApplicationTests</td>
<td></td>
<td>5</td>
<td>tests.MortgageApplicationTests@79f3f34c</td></tr>
<tr>
<td title='tests.MortgageApplicationTests.personalInformationTestForASingleCustomer()'><b>personalInformationTestForASingleCustomer</b><br>Test class: tests.MortgageApplicationTests</td>
<td></td>
<td>3</td>
<td>tests.MortgageApplicationTests@79f3f34c</td></tr>
<tr>
<td title='tests.SignUpTests.SignUpWithUnsafePassword()'><b>SignUpWithUnsafePassword</b><br>Test class: tests.SignUpTests</td>
<td></td>
<td>3</td>
<td>tests.SignUpTests@64f6964f</td></tr>
<tr>
<td title='tests.MortgageApplicationTests.employmentAndIncomeTestWithNegativeMonthlyIncome()'><b>employmentAndIncomeTestWithNegativeMonthlyIncome</b><br>Test class: tests.MortgageApplicationTests</td>
<td></td>
<td>13</td>
<td>tests.MortgageApplicationTests@79f3f34c</td></tr>
<tr>
<td title='tests.MortgageApplicationTests.mortgageApplicationHealthCheck()'><b>mortgageApplicationHealthCheck</b><br>Test class: tests.MortgageApplicationTests</td>
<td></td>
<td>2</td>
<td>tests.MortgageApplicationTests@79f3f34c</td></tr>
<tr>
<td title='tests.MortgageApplicationTests.personalInformationTestWithWrongCellNumber()'><b>personalInformationTestWithWrongCellNumber</b><br>Test class: tests.MortgageApplicationTests</td>
<td></td>
<td>3</td>
<td>tests.MortgageApplicationTests@79f3f34c</td></tr>
<tr>
<td title='tests.MortgageApplicationTests.eConsentPositiveTestWithWrongFirstName()'><b>eConsentPositiveTestWithWrongFirstName</b><br>Test class: tests.MortgageApplicationTests</td>
<td></td>
<td>12</td>
<td>tests.MortgageApplicationTests@79f3f34c</td></tr>
<tr>
<td title='tests.MortgageApplicationTests.employmentAndIncomeTestWithNoEmployerName()'><b>employmentAndIncomeTestWithNoEmployerName</b><br>Test class: tests.MortgageApplicationTests</td>
<td></td>
<td>12</td>
<td>tests.MortgageApplicationTests@79f3f34c</td></tr>
<tr>
<td title='tests.LoginTests.negativeLoginWithRandomCharactersInsteadOfEmail()'><b>negativeLoginWithRandomCharactersInsteadOfEmail</b><br>Test class: tests.LoginTests</td>
<td></td>
<td>0</td>
<td>tests.LoginTests@5295779</td></tr>
<tr>
<td title='tests.MortgageApplicationTests.summaryPageTest()'><b>summaryPageTest</b><br>Test class: tests.MortgageApplicationTests</td>
<td></td>
<td>8</td>
<td>tests.MortgageApplicationTests@79f3f34c</td></tr>
<tr>
<td title='tests.MortgageApplicationTests.preapprovalDetailsPositiveTest()'><b>preapprovalDetailsPositiveTest</b><br>Test class: tests.MortgageApplicationTests</td>
<td></td>
<td>2</td>
<td>tests.MortgageApplicationTests@79f3f34c</td></tr>
<tr>
<td title='tests.SignUpTests.negativeSignUpWithEmptyLastName()'><b>negativeSignUpWithEmptyLastName</b><br>Test class: tests.SignUpTests</td>
<td></td>
<td>3</td>
<td>tests.SignUpTests@64f6964f</td></tr>
<tr>
<td title='tests.SignUpTests.negativeSignUpWithWrongEmail()'><b>negativeSignUpWithWrongEmail</b><br>Test class: tests.SignUpTests</td>
<td></td>
<td>0</td>
<td>tests.SignUpTests@64f6964f</td></tr>
<tr>
<td title='tests.MortgageApplicationTests.eConsentPositiveTestWithWrongEmailFormat()'><b>eConsentPositiveTestWithWrongEmailFormat</b><br>Test class: tests.MortgageApplicationTests</td>
<td></td>
<td>13</td>
<td>tests.MortgageApplicationTests@79f3f34c</td></tr>
<tr>
<td title='tests.MortgageApplicationTests.personalInformationTestAndClickPrivacyPolicyLink()'><b>personalInformationTestAndClickPrivacyPolicyLink</b><br>Test class: tests.MortgageApplicationTests</td>
<td></td>
<td>3</td>
<td>tests.MortgageApplicationTests@79f3f34c</td></tr>
<tr>
<td title='tests.MortgageApplicationTests.personalInformationNegativeTestWithWrongDateOfBirth()'><b>personalInformationNegativeTestWithWrongDateOfBirth</b><br>Test class: tests.MortgageApplicationTests</td>
<td></td>
<td>7</td>
<td>tests.MortgageApplicationTests@79f3f34c</td></tr>
<tr>
<td title='tests.ApplicationTest.clickApplicationListAndVerifyUrl()'><b>clickApplicationListAndVerifyUrl</b><br>Test class: tests.ApplicationTest</td>
<td></td>
<td>3</td>
<td>tests.ApplicationTest@f29353f</td></tr>
<tr>
<td title='tests.SignUpTests.SignUpWithExistingUser()'><b>SignUpWithExistingUser</b><br>Test class: tests.SignUpTests</td>
<td></td>
<td>0</td>
<td>tests.SignUpTests@64f6964f</td></tr>
<tr>
<td title='tests.SignUpTests.negativeSignUpWithEmptyFirstName()'><b>negativeSignUpWithEmptyFirstName</b><br>Test class: tests.SignUpTests</td>
<td></td>
<td>3</td>
<td>tests.SignUpTests@64f6964f</td></tr>
<tr>
<td title='tests.SignUpTests.positiveSignUpWithMockData()'><b>positiveSignUpWithMockData</b><br>Test class: tests.SignUpTests<br>Parameters: Emalia, MacGuffog, e3mac1422guff11@tinypic.com, wuTtnNaFCG</td>
<td></td>
<td>3</td>
<td>tests.SignUpTests@64f6964f</td></tr>
<tr>
<td title='tests.MortgageApplicationTests.eConsentPositiveTestWithWrongLastName()'><b>eConsentPositiveTestWithWrongLastName</b><br>Test class: tests.MortgageApplicationTests</td>
<td></td>
<td>17</td>
<td>tests.MortgageApplicationTests@79f3f34c</td></tr>
<tr>
<td title='tests.ApplicationListTest.loanButtonCheck()'><b>loanButtonCheck</b><br>Test class: tests.ApplicationListTest</td>
<td></td>
<td>1</td>
<td>tests.ApplicationListTest@6816b0cb</td></tr>
<tr>
<td title='tests.MortgageApplicationTests.expensesPageTestCheckingErrorText()'><b>expensesPageTestCheckingErrorText</b><br>Test class: tests.MortgageApplicationTests</td>
<td></td>
<td>8</td>
<td>tests.MortgageApplicationTests@79f3f34c</td></tr>
<tr>
<td title='tests.ApplicationTest.verifyLoanApplicationPageTitle()'><b>verifyLoanApplicationPageTitle</b><br>Test class: tests.ApplicationTest</td>
<td></td>
<td>1</td>
<td>tests.ApplicationTest@f29353f</td></tr>
<tr>
<td title='tests.MortgageApplicationTests.preapprovalDetailsPageTest()'><b>preapprovalDetailsPageTest</b><br>Test class: tests.MortgageApplicationTests</td>
<td></td>
<td>1</td>
<td>tests.MortgageApplicationTests@79f3f34c</td></tr>
<tr>
<td title='tests.SignUpTests.SignUpWithUnusualNameAndWrongEmailFormat()'><b>SignUpWithUnusualNameAndWrongEmailFormat</b><br>Test class: tests.SignUpTests</td>
<td></td>
<td>0</td>
<td>tests.SignUpTests@64f6964f</td></tr>
<tr>
<td title='tests.LoginTests.positiveLogin()'><b>positiveLogin</b><br>Test class: tests.LoginTests</td>
<td></td>
<td>0</td>
<td>tests.LoginTests@5295779</td></tr>
<tr>
<td title='tests.LoginTests.loginAndVerifyUsername()'><b>loginAndVerifyUsername</b><br>Test class: tests.LoginTests</td>
<td></td>
<td>0</td>
<td>tests.LoginTests@5295779</td></tr>
<tr>
<td title='tests.MortgageApplicationTests.personalInformationNegativeTestWithWrongSSN()'><b>personalInformationNegativeTestWithWrongSSN</b><br>Test class: tests.MortgageApplicationTests</td>
<td></td>
<td>9</td>
<td>tests.MortgageApplicationTests@79f3f34c</td></tr>
<tr>
<td title='tests.SignUpTests.positiveSignUpWithFaker()'><b>positiveSignUpWithFaker</b><br>Test class: tests.SignUpTests</td>
<td></td>
<td>3</td>
<td>tests.SignUpTests@64f6964f</td></tr>
<tr>
<td title='tests.MortgageApplicationTests.employmentAndIncomeTestWithNegativeMonthlyDividends()'><b>employmentAndIncomeTestWithNegativeMonthlyDividends</b><br>Test class: tests.MortgageApplicationTests</td>
<td></td>
<td>15</td>
<td>tests.MortgageApplicationTests@79f3f34c</td></tr>
<tr>
<td title='tests.MortgageApplicationTests.personalInformationTestNoClickingPrivatePolicy()'><b>personalInformationTestNoClickingPrivatePolicy</b><br>Test class: tests.MortgageApplicationTests</td>
<td></td>
<td>3</td>
<td>tests.MortgageApplicationTests@79f3f34c</td></tr>
<tr>
<td title='tests.MortgageApplicationTests.employmentAndIncomePositiveTest()'><b>employmentAndIncomePositiveTest</b><br>Test class: tests.MortgageApplicationTests</td>
<td></td>
<td>13</td>
<td>tests.MortgageApplicationTests@79f3f34c</td></tr>
<tr>
<td title='tests.ApplicationListTest.appPageHealthCheck()'><b>appPageHealthCheck</b><br>Test class: tests.ApplicationListTest</td>
<td></td>
<td>1</td>
<td>tests.ApplicationListTest@6816b0cb</td></tr>
<tr>
<td title='tests.ApplicationTest.clickMortgageAppAndVerifyUrl()'><b>clickMortgageAppAndVerifyUrl</b><br>Test class: tests.ApplicationTest</td>
<td></td>
<td>3</td>
<td>tests.ApplicationTest@f29353f</td></tr>
<tr>
<td title='tests.MortgageApplicationTests.employmentAndIncomeTestWithNegativeMonthlyBonuses()'><b>employmentAndIncomeTestWithNegativeMonthlyBonuses</b><br>Test class: tests.MortgageApplicationTests</td>
<td></td>
<td>20</td>
<td>tests.MortgageApplicationTests@79f3f34c</td></tr>
<tr>
<td title='tests.ApplicationTest.logOutTest()'><b>logOutTest</b><br>Test class: tests.ApplicationTest</td>
<td></td>
<td>2</td>
<td>tests.ApplicationTest@f29353f</td></tr>
<tr>
<td title='tests.SignUpTests.negativeSignUpWithCharactersInsteadOfEmail()'><b>negativeSignUpWithCharactersInsteadOfEmail</b><br>Test class: tests.SignUpTests</td>
<td></td>
<td>3</td>
<td>tests.SignUpTests@64f6964f</td></tr>
<tr>
<td title='tests.MortgageApplicationTests.preapprovalDetailsNegativeTestWithWrongRealtorInfo()'><b>preapprovalDetailsNegativeTestWithWrongRealtorInfo</b><br>Test class: tests.MortgageApplicationTests</td>
<td></td>
<td>2</td>
<td>tests.MortgageApplicationTests@79f3f34c</td></tr>
<tr>
<td title='tests.MortgageApplicationTests.personalInformationNegativeTestWithEmptyName()'><b>personalInformationNegativeTestWithEmptyName</b><br>Test class: tests.MortgageApplicationTests</td>
<td></td>
<td>7</td>
<td>tests.MortgageApplicationTests@79f3f34c</td></tr>
<tr>
<td title='tests.MortgageApplicationTests.eConsentPageTest()'><b>eConsentPageTest</b><br>Test class: tests.MortgageApplicationTests</td>
<td></td>
<td>9</td>
<td>tests.MortgageApplicationTests@79f3f34c</td></tr>
<tr>
<td title='tests.MortgageApplicationTests.preapprovalDetailsTestCheckingCalculatedLoanAmount()'><b>preapprovalDetailsTestCheckingCalculatedLoanAmount</b><br>Test class: tests.MortgageApplicationTests</td>
<td></td>
<td>2</td>
<td>tests.MortgageApplicationTests@79f3f34c</td></tr>
<tr>
<td title='tests.MortgageApplicationTests.creditReportPositiveTest()'><b>creditReportPositiveTest</b><br>Test class: tests.MortgageApplicationTests</td>
<td></td>
<td>11</td>
<td>tests.MortgageApplicationTests@79f3f34c</td></tr>
<tr>
<td title='tests.MortgageApplicationTests.expensesPositiveTest()'><b>expensesPositiveTest</b><br>Test class: tests.MortgageApplicationTests</td>
<td></td>
<td>8</td>
<td>tests.MortgageApplicationTests@79f3f34c</td></tr>
<tr>
<td title='tests.ApplicationListTest.homeButtonCheck()'><b>homeButtonCheck</b><br>Test class: tests.ApplicationListTest</td>
<td></td>
<td>1</td>
<td>tests.ApplicationListTest@6816b0cb</td></tr>
<tr>
<td title='tests.MortgageApplicationTests.employmentAndIncomeTestCheckingMonthlyIncomeCalculation()'><b>employmentAndIncomeTestCheckingMonthlyIncomeCalculation</b><br>Test class: tests.MortgageApplicationTests</td>
<td></td>
<td>12</td>
<td>tests.MortgageApplicationTests@79f3f34c</td></tr>
<tr>
<td title='tests.MortgageApplicationTests.employmentAndIncomeTestWithNegativeMonthlyOvertime()'><b>employmentAndIncomeTestWithNegativeMonthlyOvertime</b><br>Test class: tests.MortgageApplicationTests</td>
<td></td>
<td>10</td>
<td>tests.MortgageApplicationTests@79f3f34c</td></tr>
<tr>
<td title='tests.MortgageApplicationTests.employmentAndIncomeTestWithNegativeMonthlyCommissions()'><b>employmentAndIncomeTestWithNegativeMonthlyCommissions</b><br>Test class: tests.MortgageApplicationTests</td>
<td></td>
<td>14</td>
<td>tests.MortgageApplicationTests@79f3f34c</td></tr>
<tr>
<td title='tests.MortgageApplicationTests.personalInformationPositiveTest()'><b>personalInformationPositiveTest</b><br>Test class: tests.MortgageApplicationTests</td>
<td></td>
<td>6</td>
<td>tests.MortgageApplicationTests@79f3f34c</td></tr>
<tr>
<td title='tests.MortgageApplicationTests.personalInformationTestWithWrongEmailFormat()'><b>personalInformationTestWithWrongEmailFormat</b><br>Test class: tests.MortgageApplicationTests</td>
<td></td>
<td>3</td>
<td>tests.MortgageApplicationTests@79f3f34c</td></tr>
<tr>
<td title='tests.LoginTests.appHealthCheck()'><b>appHealthCheck</b><br>Test class: tests.LoginTests</td>
<td></td>
<td>0</td>
<td>tests.LoginTests@5295779</td></tr>
</table><p>
</body>
</html>