<?xml version="1.0" encoding="UTF-8"?>
<testng-results skipped="0" failed="1" ignored="10" total="64" passed="53">
  <reporter-output>
  </reporter-output>
  <suite name="Surefire suite" duration-ms="346740" started-at="2021-08-10T18:28:16 EDT" finished-at="2021-08-10T18:34:02 EDT">
    <groups>
      <group name="negative">
        <method signature="ApplicationListTest.homeButtonCheck()[pri:0, instance:tests.ApplicationListTest@6816b0cb]" name="homeButtonCheck" class="tests.ApplicationListTest"/>
        <method signature="ApplicationListTest.loanButtonCheck()[pri:0, instance:tests.ApplicationListTest@6816b0cb]" name="loanButtonCheck" class="tests.ApplicationListTest"/>
        <method signature="LoginTests.negativeLoginWithRandomCharactersInsteadOfEmail()[pri:0, instance:tests.LoginTests@5295779]" name="negativeLoginWithRandomCharactersInsteadOfEmail" class="tests.LoginTests"/>
        <method signature="MortgageApplicationTests.eConsentPositiveTestWithWrongEmailFormat()[pri:0, instance:tests.MortgageApplicationTests@79f3f34c]" name="eConsentPositiveTestWithWrongEmailFormat" class="tests.MortgageApplicationTests"/>
        <method signature="MortgageApplicationTests.eConsentPositiveTestWithWrongFirstName()[pri:0, instance:tests.MortgageApplicationTests@79f3f34c]" name="eConsentPositiveTestWithWrongFirstName" class="tests.MortgageApplicationTests"/>
        <method signature="MortgageApplicationTests.eConsentPositiveTestWithWrongLastName()[pri:0, instance:tests.MortgageApplicationTests@79f3f34c]" name="eConsentPositiveTestWithWrongLastName" class="tests.MortgageApplicationTests"/>
        <method signature="MortgageApplicationTests.employmentAndIncomeTestWithNegativeMonthlyBonuses()[pri:0, instance:tests.MortgageApplicationTests@79f3f34c]" name="employmentAndIncomeTestWithNegativeMonthlyBonuses" class="tests.MortgageApplicationTests"/>
        <method signature="MortgageApplicationTests.employmentAndIncomeTestWithNegativeMonthlyCommissions()[pri:0, instance:tests.MortgageApplicationTests@79f3f34c]" name="employmentAndIncomeTestWithNegativeMonthlyCommissions" class="tests.MortgageApplicationTests"/>
        <method signature="MortgageApplicationTests.employmentAndIncomeTestWithNegativeMonthlyDividends()[pri:0, instance:tests.MortgageApplicationTests@79f3f34c]" name="employmentAndIncomeTestWithNegativeMonthlyDividends" class="tests.MortgageApplicationTests"/>
        <method signature="MortgageApplicationTests.employmentAndIncomeTestWithNegativeMonthlyIncome()[pri:0, instance:tests.MortgageApplicationTests@79f3f34c]" name="employmentAndIncomeTestWithNegativeMonthlyIncome" class="tests.MortgageApplicationTests"/>
        <method signature="MortgageApplicationTests.employmentAndIncomeTestWithNegativeMonthlyOvertime()[pri:0, instance:tests.MortgageApplicationTests@79f3f34c]" name="employmentAndIncomeTestWithNegativeMonthlyOvertime" class="tests.MortgageApplicationTests"/>
        <method signature="MortgageApplicationTests.employmentAndIncomeTestWithNoEmployerName()[pri:0, instance:tests.MortgageApplicationTests@79f3f34c]" name="employmentAndIncomeTestWithNoEmployerName" class="tests.MortgageApplicationTests"/>
        <method signature="MortgageApplicationTests.personalInformationNegativeTestWithEmptyName()[pri:0, instance:tests.MortgageApplicationTests@79f3f34c]" name="personalInformationNegativeTestWithEmptyName" class="tests.MortgageApplicationTests"/>
        <method signature="MortgageApplicationTests.personalInformationNegativeTestWithWrongDateOfBirth()[pri:0, instance:tests.MortgageApplicationTests@79f3f34c]" name="personalInformationNegativeTestWithWrongDateOfBirth" class="tests.MortgageApplicationTests"/>
        <method signature="MortgageApplicationTests.personalInformationNegativeTestWithWrongSSN()[pri:0, instance:tests.MortgageApplicationTests@79f3f34c]" name="personalInformationNegativeTestWithWrongSSN" class="tests.MortgageApplicationTests"/>
        <method signature="MortgageApplicationTests.personalInformationTestAndClickPrivacyPolicyLink()[pri:0, instance:tests.MortgageApplicationTests@79f3f34c]" name="personalInformationTestAndClickPrivacyPolicyLink" class="tests.MortgageApplicationTests"/>
        <method signature="MortgageApplicationTests.personalInformationTestForASingleCustomer()[pri:0, instance:tests.MortgageApplicationTests@79f3f34c]" name="personalInformationTestForASingleCustomer" class="tests.MortgageApplicationTests"/>
        <method signature="MortgageApplicationTests.personalInformationTestNoClickingPrivatePolicy()[pri:0, instance:tests.MortgageApplicationTests@79f3f34c]" name="personalInformationTestNoClickingPrivatePolicy" class="tests.MortgageApplicationTests"/>
        <method signature="MortgageApplicationTests.personalInformationTestWithWrongCellNumber()[pri:0, instance:tests.MortgageApplicationTests@79f3f34c]" name="personalInformationTestWithWrongCellNumber" class="tests.MortgageApplicationTests"/>
        <method signature="MortgageApplicationTests.personalInformationTestWithWrongEmailFormat()[pri:0, instance:tests.MortgageApplicationTests@79f3f34c]" name="personalInformationTestWithWrongEmailFormat" class="tests.MortgageApplicationTests"/>
        <method signature="MortgageApplicationTests.preapprovalDetailsNegativeTestWithWrongRealtorInfo()[pri:0, instance:tests.MortgageApplicationTests@79f3f34c]" name="preapprovalDetailsNegativeTestWithWrongRealtorInfo" class="tests.MortgageApplicationTests"/>
        <method signature="SignUpTests.SignUpWithUnsafePassword()[pri:0, instance:tests.SignUpTests@64f6964f]" name="SignUpWithUnsafePassword" class="tests.SignUpTests"/>
        <method signature="SignUpTests.negativeSignUpWithCharactersInsteadOfEmail()[pri:0, instance:tests.SignUpTests@64f6964f]" name="negativeSignUpWithCharactersInsteadOfEmail" class="tests.SignUpTests"/>
        <method signature="SignUpTests.negativeSignUpWithEmptyFirstName()[pri:0, instance:tests.SignUpTests@64f6964f]" name="negativeSignUpWithEmptyFirstName" class="tests.SignUpTests"/>
        <method signature="SignUpTests.negativeSignUpWithEmptyLastName()[pri:0, instance:tests.SignUpTests@64f6964f]" name="negativeSignUpWithEmptyLastName" class="tests.SignUpTests"/>
      </group> <!-- negative -->
      <group name="smoke">
        <method signature="LoginTests.appHealthCheck()[pri:0, instance:tests.LoginTests@5295779]" name="appHealthCheck" class="tests.LoginTests"/>
        <method signature="LoginTests.loginAndVerifyUrl()[pri:0, instance:tests.LoginTests@5295779]" name="loginAndVerifyUrl" class="tests.LoginTests"/>
        <method signature="LoginTests.loginAndVerifyUsername()[pri:2, instance:tests.LoginTests@5295779]" name="loginAndVerifyUsername" class="tests.LoginTests"/>
        <method signature="LoginTests.negativeLoginWithRandomCharactersInsteadOfEmail()[pri:0, instance:tests.LoginTests@5295779]" name="negativeLoginWithRandomCharactersInsteadOfEmail" class="tests.LoginTests"/>
        <method signature="LoginTests.negativeLoginWithRandomEmailAndPass()[pri:0, instance:tests.LoginTests@5295779]" name="negativeLoginWithRandomEmailAndPass" class="tests.LoginTests"/>
        <method signature="LoginTests.positiveLogin()[pri:1, instance:tests.LoginTests@5295779]" name="positiveLogin" class="tests.LoginTests"/>
        <method signature="SignUpTests.SignUpWithExistingUser()[pri:0, instance:tests.SignUpTests@64f6964f]" name="SignUpWithExistingUser" class="tests.SignUpTests"/>
        <method signature="SignUpTests.SignUpWithUnsafePassword()[pri:0, instance:tests.SignUpTests@64f6964f]" name="SignUpWithUnsafePassword" class="tests.SignUpTests"/>
        <method signature="SignUpTests.SignUpWithUnusualNameAndWrongEmailFormat()[pri:0, instance:tests.SignUpTests@64f6964f]" name="SignUpWithUnusualNameAndWrongEmailFormat" class="tests.SignUpTests"/>
        <method signature="SignUpTests.negativeSignUpWithCharactersInsteadOfEmail()[pri:0, instance:tests.SignUpTests@64f6964f]" name="negativeSignUpWithCharactersInsteadOfEmail" class="tests.SignUpTests"/>
        <method signature="SignUpTests.negativeSignUpWithEmptyFirstName()[pri:0, instance:tests.SignUpTests@64f6964f]" name="negativeSignUpWithEmptyFirstName" class="tests.SignUpTests"/>
        <method signature="SignUpTests.negativeSignUpWithEmptyLastName()[pri:0, instance:tests.SignUpTests@64f6964f]" name="negativeSignUpWithEmptyLastName" class="tests.SignUpTests"/>
        <method signature="SignUpTests.negativeSignUpWithWrongEmail()[pri:0, instance:tests.SignUpTests@64f6964f]" name="negativeSignUpWithWrongEmail" class="tests.SignUpTests"/>
        <method signature="SignUpTests.positiveSignUpWithFaker()[pri:0, instance:tests.SignUpTests@64f6964f]" name="positiveSignUpWithFaker" class="tests.SignUpTests"/>
      </group> <!-- smoke -->
    </groups>
    <test name="Surefire test" duration-ms="346740" started-at="2021-08-10T18:28:16 EDT" finished-at="2021-08-10T18:34:02 EDT">
      <class name="tests.MortgageApplicationTests">
        <test-method status="PASS" signature="setupMethod(java.lang.String,java.lang.reflect.Method)[pri:0, instance:tests.MortgageApplicationTests@79f3f34c]" name="setupMethod" is-config="true" duration-ms="351" started-at="2021-08-10T18:28:28 EDT" finished-at="2021-08-10T18:28:28 EDT">
          <params>
            <param index="0">
              <value is-null="true"/>
            </param>
            <param index="1">
              <value>
                <![CDATA[public void tests.MortgageApplicationTests.creditReportPositiveTest()]]>
              </value>
            </param>
          </params>
          <reporter-output>
          </reporter-output>
        </test-method> <!-- setupMethod -->
        <test-method status="PASS" signature="creditReportPositiveTest()[pri:0, instance:tests.MortgageApplicationTests@79f3f34c]" name="creditReportPositiveTest" duration-ms="11046" started-at="2021-08-10T18:28:28 EDT" finished-at="2021-08-10T18:28:39 EDT">
          <reporter-output>
          </reporter-output>
        </test-method> <!-- creditReportPositiveTest -->
        <test-method status="PASS" signature="tearDownMethod(org.testng.ITestResult)[pri:0, instance:tests.MortgageApplicationTests@79f3f34c]" name="tearDownMethod" is-config="true" duration-ms="1" started-at="2021-08-10T18:28:39 EDT" finished-at="2021-08-10T18:28:39 EDT">
          <params>
            <param index="0">
              <value>
                <![CDATA[[TestResult name=creditReportPositiveTest status=SUCCESS method=MortgageApplicationTests.creditReportPositiveTest()[pri:0, instance:tests.MortgageApplicationTests@79f3f34c] output={null}]]]>
              </value>
            </param>
          </params>
          <reporter-output>
          </reporter-output>
        </test-method> <!-- tearDownMethod -->
        <test-method status="PASS" signature="setupMethod(java.lang.String,java.lang.reflect.Method)[pri:0, instance:tests.MortgageApplicationTests@79f3f34c]" name="setupMethod" is-config="true" duration-ms="325" started-at="2021-08-10T18:28:39 EDT" finished-at="2021-08-10T18:28:39 EDT">
          <params>
            <param index="0">
              <value is-null="true"/>
            </param>
            <param index="1">
              <value>
                <![CDATA[public void tests.MortgageApplicationTests.eConsentPageTest()]]>
              </value>
            </param>
          </params>
          <reporter-output>
          </reporter-output>
        </test-method> <!-- setupMethod -->
        <test-method status="PASS" signature="eConsentPageTest()[pri:0, instance:tests.MortgageApplicationTests@79f3f34c]" name="eConsentPageTest" duration-ms="9792" started-at="2021-08-10T18:28:39 EDT" finished-at="2021-08-10T18:28:49 EDT">
          <reporter-output>
          </reporter-output>
        </test-method> <!-- eConsentPageTest -->
        <test-method status="PASS" signature="tearDownMethod(org.testng.ITestResult)[pri:0, instance:tests.MortgageApplicationTests@79f3f34c]" name="tearDownMethod" is-config="true" duration-ms="1" started-at="2021-08-10T18:28:49 EDT" finished-at="2021-08-10T18:28:49 EDT">
          <params>
            <param index="0">
              <value>
                <![CDATA[[TestResult name=eConsentPageTest status=SUCCESS method=MortgageApplicationTests.eConsentPageTest()[pri:0, instance:tests.MortgageApplicationTests@79f3f34c] output={null}]]]>
              </value>
            </param>
          </params>
          <reporter-output>
          </reporter-output>
        </test-method> <!-- tearDownMethod -->
        <test-method status="PASS" signature="setupMethod(java.lang.String,java.lang.reflect.Method)[pri:0, instance:tests.MortgageApplicationTests@79f3f34c]" name="setupMethod" is-config="true" duration-ms="328" started-at="2021-08-10T18:28:49 EDT" finished-at="2021-08-10T18:28:50 EDT">
          <params>
            <param index="0">
              <value is-null="true"/>
            </param>
            <param index="1">
              <value>
                <![CDATA[public void tests.MortgageApplicationTests.eConsentPositiveTest()]]>
              </value>
            </param>
          </params>
          <reporter-output>
          </reporter-output>
        </test-method> <!-- setupMethod -->
        <test-method status="FAIL" signature="eConsentPositiveTest()[pri:0, instance:tests.MortgageApplicationTests@79f3f34c]" name="eConsentPositiveTest" duration-ms="15608" started-at="2021-08-10T18:28:50 EDT" finished-at="2021-08-10T18:29:05 EDT">
          <exception class="org.openqa.selenium.ElementNotInteractableException">
            <message>
              <![CDATA[element not interactable
  (Session info: chrome=92.0.4515.131)
Build info: version: '3.141.59', revision: 'e82be7d358', time: '2018-11-14T08:17:03'
System info: host: 'Rafaels-MacBook-Pro.local', ip: 'fe80:0:0:0:c72:5eef:b723:f97f%en0', os.name: 'Mac OS X', os.arch: 'x86_64', os.version: '10.16', java.version: '1.8.0_281'
Driver info: org.openqa.selenium.chrome.ChromeDriver
Capabilities {acceptInsecureCerts: false, browserName: chrome, browserVersion: 92.0.4515.131, chrome: {chromedriverVersion: 92.0.4515.107 (87a818b10553..., userDataDir: /var/folders/vb/mz_37vxn07g...}, goog:chromeOptions: {debuggerAddress: localhost:59055}, javascriptEnabled: true, networkConnectionEnabled: false, pageLoadStrategy: normal, platform: MAC, platformName: MAC, proxy: Proxy(), setWindowRect: true, strictFileInteractability: false, timeouts: {implicit: 0, pageLoad: 300000, script: 30000}, unhandledPromptBehavior: dismiss and notify, webauthn:extension:credBlob: true, webauthn:extension:largeBlob: true, webauthn:virtualAuthenticators: true}
Session ID: 3f9ad4e5b0f651c010c8b6b906323449]]>
            </message>
            <full-stacktrace>
              <![CDATA[org.openqa.selenium.ElementNotInteractableException: element not interactable
  (Session info: chrome=92.0.4515.131)
Build info: version: '3.141.59', revision: 'e82be7d358', time: '2018-11-14T08:17:03'
System info: host: 'Rafaels-MacBook-Pro.local', ip: 'fe80:0:0:0:c72:5eef:b723:f97f%en0', os.name: 'Mac OS X', os.arch: 'x86_64', os.version: '10.16', java.version: '1.8.0_281'
Driver info: org.openqa.selenium.chrome.ChromeDriver
Capabilities {acceptInsecureCerts: false, browserName: chrome, browserVersion: 92.0.4515.131, chrome: {chromedriverVersion: 92.0.4515.107 (87a818b10553..., userDataDir: /var/folders/vb/mz_37vxn07g...}, goog:chromeOptions: {debuggerAddress: localhost:59055}, javascriptEnabled: true, networkConnectionEnabled: false, pageLoadStrategy: normal, platform: MAC, platformName: MAC, proxy: Proxy(), setWindowRect: true, strictFileInteractability: false, timeouts: {implicit: 0, pageLoad: 300000, script: 30000}, unhandledPromptBehavior: dismiss and notify, webauthn:extension:credBlob: true, webauthn:extension:largeBlob: true, webauthn:virtualAuthenticators: true}
Session ID: 3f9ad4e5b0f651c010c8b6b906323449
at sun.reflect.NativeConstructorAccessorImpl.newInstance0(Native Method)
at sun.reflect.NativeConstructorAccessorImpl.newInstance(NativeConstructorAccessorImpl.java:62)
at sun.reflect.DelegatingConstructorAccessorImpl.newInstance(DelegatingConstructorAccessorImpl.java:45)
at java.lang.reflect.Constructor.newInstance(Constructor.java:423)
at org.openqa.selenium.remote.http.W3CHttpResponseCodec.createException(W3CHttpResponseCodec.java:187)
at org.openqa.selenium.remote.http.W3CHttpResponseCodec.decode(W3CHttpResponseCodec.java:122)
at org.openqa.selenium.remote.http.W3CHttpResponseCodec.decode(W3CHttpResponseCodec.java:49)
at org.openqa.selenium.remote.HttpCommandExecutor.execute(HttpCommandExecutor.java:158)
at org.openqa.selenium.remote.service.DriverCommandExecutor.execute(DriverCommandExecutor.java:83)
at org.openqa.selenium.remote.RemoteWebDriver.execute(RemoteWebDriver.java:552)
at org.openqa.selenium.remote.RemoteWebElement.execute(RemoteWebElement.java:285)
at org.openqa.selenium.remote.RemoteWebElement.sendKeys(RemoteWebElement.java:106)
at sun.reflect.GeneratedMethodAccessor1.invoke(Unknown Source)
at sun.reflect.DelegatingMethodAccessorImpl.invoke(DelegatingMethodAccessorImpl.java:43)
at java.lang.reflect.Method.invoke(Method.java:498)
at org.openqa.selenium.support.pagefactory.internal.LocatingElementHandler.invoke(LocatingElementHandler.java:51)
at com.sun.proxy.$Proxy11.sendKeys(Unknown Source)
at tests.MortgageApplicationTests.eConsentPositiveTest(MortgageApplicationTests.java:526)
at sun.reflect.NativeMethodAccessorImpl.invoke0(Native Method)
at sun.reflect.NativeMethodAccessorImpl.invoke(NativeMethodAccessorImpl.java:62)
at sun.reflect.DelegatingMethodAccessorImpl.invoke(DelegatingMethodAccessorImpl.java:43)
at java.lang.reflect.Method.invoke(Method.java:498)
at org.testng.internal.MethodInvocationHelper.invokeMethod(MethodInvocationHelper.java:133)
at org.testng.internal.TestInvoker.invokeMethod(TestInvoker.java:598)
at org.testng.internal.TestInvoker.invokeTestMethod(TestInvoker.java:173)
at org.testng.internal.MethodRunner.runInSequence(MethodRunner.java:46)
at org.testng.internal.TestInvoker$MethodInvocationAgent.invoke(TestInvoker.java:824)
at org.testng.internal.TestInvoker.invokeTestMethods(TestInvoker.java:146)
at org.testng.internal.TestMethodWorker.invokeTestMethods(TestMethodWorker.java:146)
at org.testng.internal.TestMethodWorker.run(TestMethodWorker.java:128)
at java.util.ArrayList.forEach(ArrayList.java:1259)
at org.testng.TestRunner.privateRun(TestRunner.java:794)
at org.testng.TestRunner.run(TestRunner.java:596)
at org.testng.SuiteRunner.runTest(SuiteRunner.java:377)
at org.testng.SuiteRunner.runSequentially(SuiteRunner.java:371)
at org.testng.SuiteRunner.privateRun(SuiteRunner.java:332)
at org.testng.SuiteRunner.run(SuiteRunner.java:276)
at org.testng.SuiteRunnerWorker.runSuite(SuiteRunnerWorker.java:53)
at org.testng.SuiteRunnerWorker.run(SuiteRunnerWorker.java:96)
at org.testng.TestNG.runSuitesSequentially(TestNG.java:1212)
at org.testng.TestNG.runSuitesLocally(TestNG.java:1134)
at org.testng.TestNG.runSuites(TestNG.java:1063)
at org.testng.TestNG.run(TestNG.java:1031)
at org.apache.maven.surefire.testng.TestNGExecutor.run(TestNGExecutor.java:136)
at org.apache.maven.surefire.testng.TestNGDirectoryTestSuite.executeMulti(TestNGDirectoryTestSuite.java:193)
at org.apache.maven.surefire.testng.TestNGDirectoryTestSuite.execute(TestNGDirectoryTestSuite.java:94)
at org.apache.maven.surefire.testng.TestNGProvider.invoke(TestNGProvider.java:145)
at org.apache.maven.surefire.booter.ForkedBooter.runSuitesInProcess(ForkedBooter.java:428)
at org.apache.maven.surefire.booter.ForkedBooter.execute(ForkedBooter.java:162)
at org.apache.maven.surefire.booter.ForkedBooter.run(ForkedBooter.java:562)
at org.apache.maven.surefire.booter.ForkedBooter.main(ForkedBooter.java:548)
]]>
            </full-stacktrace>
          </exception> <!-- org.openqa.selenium.ElementNotInteractableException -->
          <reporter-output>
          </reporter-output>
        </test-method> <!-- eConsentPositiveTest -->
        <test-method status="PASS" signature="tearDownMethod(org.testng.ITestResult)[pri:0, instance:tests.MortgageApplicationTests@79f3f34c]" name="tearDownMethod" is-config="true" duration-ms="771" started-at="2021-08-10T18:29:05 EDT" finished-at="2021-08-10T18:29:06 EDT">
          <params>
            <param index="0">
              <value>
                <![CDATA[[TestResult name=eConsentPositiveTest status=FAILURE method=MortgageApplicationTests.eConsentPositiveTest()[pri:0, instance:tests.MortgageApplicationTests@79f3f34c] output={null}]]]>
              </value>
            </param>
          </params>
          <reporter-output>
          </reporter-output>
        </test-method> <!-- tearDownMethod -->
        <test-method status="PASS" signature="setupMethod(java.lang.String,java.lang.reflect.Method)[pri:0, instance:tests.MortgageApplicationTests@79f3f34c]" name="setupMethod" is-config="true" duration-ms="333" started-at="2021-08-10T18:29:06 EDT" finished-at="2021-08-10T18:29:06 EDT">
          <params>
            <param index="0">
              <value is-null="true"/>
            </param>
            <param index="1">
              <value>
                <![CDATA[public void tests.MortgageApplicationTests.eConsentPositiveTestWithWrongEmailFormat()]]>
              </value>
            </param>
          </params>
          <reporter-output>
          </reporter-output>
        </test-method> <!-- setupMethod -->
        <test-method status="PASS" signature="eConsentPositiveTestWithWrongEmailFormat()[pri:0, instance:tests.MortgageApplicationTests@79f3f34c]" name="eConsentPositiveTestWithWrongEmailFormat" duration-ms="13065" started-at="2021-08-10T18:29:06 EDT" finished-at="2021-08-10T18:29:19 EDT">
          <reporter-output>
          </reporter-output>
        </test-method> <!-- eConsentPositiveTestWithWrongEmailFormat -->
        <test-method status="PASS" signature="tearDownMethod(org.testng.ITestResult)[pri:0, instance:tests.MortgageApplicationTests@79f3f34c]" name="tearDownMethod" is-config="true" duration-ms="1" started-at="2021-08-10T18:29:19 EDT" finished-at="2021-08-10T18:29:19 EDT">
          <params>
            <param index="0">
              <value>
                <![CDATA[[TestResult name=eConsentPositiveTestWithWrongEmailFormat status=SUCCESS method=MortgageApplicationTests.eConsentPositiveTestWithWrongEmailFormat()[pri:0, instance:tests.MortgageApplicationTests@79f3f34c] output={null}]]]>
              </value>
            </param>
          </params>
          <reporter-output>
          </reporter-output>
        </test-method> <!-- tearDownMethod -->
        <test-method status="PASS" signature="setupMethod(java.lang.String,java.lang.reflect.Method)[pri:0, instance:tests.MortgageApplicationTests@79f3f34c]" name="setupMethod" is-config="true" duration-ms="877" started-at="2021-08-10T18:29:19 EDT" finished-at="2021-08-10T18:29:20 EDT">
          <params>
            <param index="0">
              <value is-null="true"/>
            </param>
            <param index="1">
              <value>
                <![CDATA[public void tests.MortgageApplicationTests.eConsentPositiveTestWithWrongFirstName()]]>
              </value>
            </param>
          </params>
          <reporter-output>
          </reporter-output>
        </test-method> <!-- setupMethod -->
        <test-method status="PASS" signature="eConsentPositiveTestWithWrongFirstName()[pri:0, instance:tests.MortgageApplicationTests@79f3f34c]" name="eConsentPositiveTestWithWrongFirstName" duration-ms="12174" started-at="2021-08-10T18:29:20 EDT" finished-at="2021-08-10T18:29:32 EDT">
          <reporter-output>
          </reporter-output>
        </test-method> <!-- eConsentPositiveTestWithWrongFirstName -->
        <test-method status="PASS" signature="tearDownMethod(org.testng.ITestResult)[pri:0, instance:tests.MortgageApplicationTests@79f3f34c]" name="tearDownMethod" is-config="true" duration-ms="1" started-at="2021-08-10T18:29:32 EDT" finished-at="2021-08-10T18:29:32 EDT">
          <params>
            <param index="0">
              <value>
                <![CDATA[[TestResult name=eConsentPositiveTestWithWrongFirstName status=SUCCESS method=MortgageApplicationTests.eConsentPositiveTestWithWrongFirstName()[pri:0, instance:tests.MortgageApplicationTests@79f3f34c] output={null}]]]>
              </value>
            </param>
          </params>
          <reporter-output>
          </reporter-output>
        </test-method> <!-- tearDownMethod -->
        <test-method status="PASS" signature="setupMethod(java.lang.String,java.lang.reflect.Method)[pri:0, instance:tests.MortgageApplicationTests@79f3f34c]" name="setupMethod" is-config="true" duration-ms="400" started-at="2021-08-10T18:29:32 EDT" finished-at="2021-08-10T18:29:33 EDT">
          <params>
            <param index="0">
              <value is-null="true"/>
            </param>
            <param index="1">
              <value>
                <![CDATA[public void tests.MortgageApplicationTests.eConsentPositiveTestWithWrongLastName()]]>
              </value>
            </param>
          </params>
          <reporter-output>
          </reporter-output>
        </test-method> <!-- setupMethod -->
        <test-method status="PASS" signature="eConsentPositiveTestWithWrongLastName()[pri:0, instance:tests.MortgageApplicationTests@79f3f34c]" name="eConsentPositiveTestWithWrongLastName" duration-ms="17054" started-at="2021-08-10T18:29:33 EDT" finished-at="2021-08-10T18:29:50 EDT">
          <reporter-output>
          </reporter-output>
        </test-method> <!-- eConsentPositiveTestWithWrongLastName -->
        <test-method status="PASS" signature="tearDownMethod(org.testng.ITestResult)[pri:0, instance:tests.MortgageApplicationTests@79f3f34c]" name="tearDownMethod" is-config="true" duration-ms="7" started-at="2021-08-10T18:29:50 EDT" finished-at="2021-08-10T18:29:50 EDT">
          <params>
            <param index="0">
              <value>
                <![CDATA[[TestResult name=eConsentPositiveTestWithWrongLastName status=SUCCESS method=MortgageApplicationTests.eConsentPositiveTestWithWrongLastName()[pri:0, instance:tests.MortgageApplicationTests@79f3f34c] output={null}]]]>
              </value>
            </param>
          </params>
          <reporter-output>
          </reporter-output>
        </test-method> <!-- tearDownMethod -->
        <test-method status="PASS" signature="setupMethod(java.lang.String,java.lang.reflect.Method)[pri:0, instance:tests.MortgageApplicationTests@79f3f34c]" name="setupMethod" is-config="true" duration-ms="2107" started-at="2021-08-10T18:29:50 EDT" finished-at="2021-08-10T18:29:52 EDT">
          <params>
            <param index="0">
              <value is-null="true"/>
            </param>
            <param index="1">
              <value>
                <![CDATA[public void tests.MortgageApplicationTests.employmentAndIncomePositiveTest()]]>
              </value>
            </param>
          </params>
          <reporter-output>
          </reporter-output>
        </test-method> <!-- setupMethod -->
        <test-method status="PASS" signature="employmentAndIncomePositiveTest()[pri:0, instance:tests.MortgageApplicationTests@79f3f34c]" name="employmentAndIncomePositiveTest" duration-ms="13062" started-at="2021-08-10T18:29:52 EDT" finished-at="2021-08-10T18:30:05 EDT">
          <reporter-output>
          </reporter-output>
        </test-method> <!-- employmentAndIncomePositiveTest -->
        <test-method status="PASS" signature="tearDownMethod(org.testng.ITestResult)[pri:0, instance:tests.MortgageApplicationTests@79f3f34c]" name="tearDownMethod" is-config="true" duration-ms="0" started-at="2021-08-10T18:30:05 EDT" finished-at="2021-08-10T18:30:05 EDT">
          <params>
            <param index="0">
              <value>
                <![CDATA[[TestResult name=employmentAndIncomePositiveTest status=SUCCESS method=MortgageApplicationTests.employmentAndIncomePositiveTest()[pri:0, instance:tests.MortgageApplicationTests@79f3f34c] output={null}]]]>
              </value>
            </param>
          </params>
          <reporter-output>
          </reporter-output>
        </test-method> <!-- tearDownMethod -->
        <test-method status="PASS" signature="setupMethod(java.lang.String,java.lang.reflect.Method)[pri:0, instance:tests.MortgageApplicationTests@79f3f34c]" name="setupMethod" is-config="true" duration-ms="344" started-at="2021-08-10T18:30:05 EDT" finished-at="2021-08-10T18:30:05 EDT">
          <params>
            <param index="0">
              <value is-null="true"/>
            </param>
            <param index="1">
              <value>
                <![CDATA[public void tests.MortgageApplicationTests.employmentAndIncomeTestCheckingMonthlyIncomeCalculation()]]>
              </value>
            </param>
          </params>
          <reporter-output>
          </reporter-output>
        </test-method> <!-- setupMethod -->
        <test-method status="PASS" signature="employmentAndIncomeTestCheckingMonthlyIncomeCalculation()[pri:0, instance:tests.MortgageApplicationTests@79f3f34c]" name="employmentAndIncomeTestCheckingMonthlyIncomeCalculation" duration-ms="12852" started-at="2021-08-10T18:30:05 EDT" finished-at="2021-08-10T18:30:18 EDT">
          <reporter-output>
          </reporter-output>
        </test-method> <!-- employmentAndIncomeTestCheckingMonthlyIncomeCalculation -->
        <test-method status="PASS" signature="tearDownMethod(org.testng.ITestResult)[pri:0, instance:tests.MortgageApplicationTests@79f3f34c]" name="tearDownMethod" is-config="true" duration-ms="1" started-at="2021-08-10T18:30:18 EDT" finished-at="2021-08-10T18:30:18 EDT">
          <params>
            <param index="0">
              <value>
                <![CDATA[[TestResult name=employmentAndIncomeTestCheckingMonthlyIncomeCalculation status=SUCCESS method=MortgageApplicationTests.employmentAndIncomeTestCheckingMonthlyIncomeCalculation()[pri:0, instance:tests.MortgageApplicationTests@79f3f34c] output={null}]]]>
              </value>
            </param>
          </params>
          <reporter-output>
          </reporter-output>
        </test-method> <!-- tearDownMethod -->
        <test-method status="PASS" signature="setupMethod(java.lang.String,java.lang.reflect.Method)[pri:0, instance:tests.MortgageApplicationTests@79f3f34c]" name="setupMethod" is-config="true" duration-ms="996" started-at="2021-08-10T18:30:18 EDT" finished-at="2021-08-10T18:30:19 EDT">
          <params>
            <param index="0">
              <value is-null="true"/>
            </param>
            <param index="1">
              <value>
                <![CDATA[public void tests.MortgageApplicationTests.employmentAndIncomeTestWithNegativeMonthlyBonuses()]]>
              </value>
            </param>
          </params>
          <reporter-output>
          </reporter-output>
        </test-method> <!-- setupMethod -->
        <test-method status="PASS" signature="employmentAndIncomeTestWithNegativeMonthlyBonuses()[pri:0, instance:tests.MortgageApplicationTests@79f3f34c]" name="employmentAndIncomeTestWithNegativeMonthlyBonuses" duration-ms="20578" started-at="2021-08-10T18:30:19 EDT" finished-at="2021-08-10T18:30:40 EDT">
          <reporter-output>
          </reporter-output>
        </test-method> <!-- employmentAndIncomeTestWithNegativeMonthlyBonuses -->
        <test-method status="PASS" signature="tearDownMethod(org.testng.ITestResult)[pri:0, instance:tests.MortgageApplicationTests@79f3f34c]" name="tearDownMethod" is-config="true" duration-ms="4" started-at="2021-08-10T18:30:40 EDT" finished-at="2021-08-10T18:30:40 EDT">
          <params>
            <param index="0">
              <value>
                <![CDATA[[TestResult name=employmentAndIncomeTestWithNegativeMonthlyBonuses status=SUCCESS method=MortgageApplicationTests.employmentAndIncomeTestWithNegativeMonthlyBonuses()[pri:0, instance:tests.MortgageApplicationTests@79f3f34c] output={null}]]]>
              </value>
            </param>
          </params>
          <reporter-output>
          </reporter-output>
        </test-method> <!-- tearDownMethod -->
        <test-method status="PASS" signature="setupMethod(java.lang.String,java.lang.reflect.Method)[pri:0, instance:tests.MortgageApplicationTests@79f3f34c]" name="setupMethod" is-config="true" duration-ms="1343" started-at="2021-08-10T18:30:40 EDT" finished-at="2021-08-10T18:30:41 EDT">
          <params>
            <param index="0">
              <value is-null="true"/>
            </param>
            <param index="1">
              <value>
                <![CDATA[public void tests.MortgageApplicationTests.employmentAndIncomeTestWithNegativeMonthlyCommissions()]]>
              </value>
            </param>
          </params>
          <reporter-output>
          </reporter-output>
        </test-method> <!-- setupMethod -->
        <test-method status="PASS" signature="employmentAndIncomeTestWithNegativeMonthlyCommissions()[pri:0, instance:tests.MortgageApplicationTests@79f3f34c]" name="employmentAndIncomeTestWithNegativeMonthlyCommissions" duration-ms="14541" started-at="2021-08-10T18:30:41 EDT" finished-at="2021-08-10T18:30:56 EDT">
          <reporter-output>
          </reporter-output>
        </test-method> <!-- employmentAndIncomeTestWithNegativeMonthlyCommissions -->
        <test-method status="PASS" signature="tearDownMethod(org.testng.ITestResult)[pri:0, instance:tests.MortgageApplicationTests@79f3f34c]" name="tearDownMethod" is-config="true" duration-ms="1" started-at="2021-08-10T18:30:56 EDT" finished-at="2021-08-10T18:30:56 EDT">
          <params>
            <param index="0">
              <value>
                <![CDATA[[TestResult name=employmentAndIncomeTestWithNegativeMonthlyCommissions status=SUCCESS method=MortgageApplicationTests.employmentAndIncomeTestWithNegativeMonthlyCommissions()[pri:0, instance:tests.MortgageApplicationTests@79f3f34c] output={null}]]]>
              </value>
            </param>
          </params>
          <reporter-output>
          </reporter-output>
        </test-method> <!-- tearDownMethod -->
        <test-method status="PASS" signature="setupMethod(java.lang.String,java.lang.reflect.Method)[pri:0, instance:tests.MortgageApplicationTests@79f3f34c]" name="setupMethod" is-config="true" duration-ms="781" started-at="2021-08-10T18:30:56 EDT" finished-at="2021-08-10T18:30:56 EDT">
          <params>
            <param index="0">
              <value is-null="true"/>
            </param>
            <param index="1">
              <value>
                <![CDATA[public void tests.MortgageApplicationTests.employmentAndIncomeTestWithNegativeMonthlyDividends()]]>
              </value>
            </param>
          </params>
          <reporter-output>
          </reporter-output>
        </test-method> <!-- setupMethod -->
        <test-method status="PASS" signature="employmentAndIncomeTestWithNegativeMonthlyDividends()[pri:0, instance:tests.MortgageApplicationTests@79f3f34c]" name="employmentAndIncomeTestWithNegativeMonthlyDividends" duration-ms="15156" started-at="2021-08-10T18:30:56 EDT" finished-at="2021-08-10T18:31:12 EDT">
          <reporter-output>
          </reporter-output>
        </test-method> <!-- employmentAndIncomeTestWithNegativeMonthlyDividends -->
        <test-method status="PASS" signature="tearDownMethod(org.testng.ITestResult)[pri:0, instance:tests.MortgageApplicationTests@79f3f34c]" name="tearDownMethod" is-config="true" duration-ms="0" started-at="2021-08-10T18:31:12 EDT" finished-at="2021-08-10T18:31:12 EDT">
          <params>
            <param index="0">
              <value>
                <![CDATA[[TestResult name=employmentAndIncomeTestWithNegativeMonthlyDividends status=SUCCESS method=MortgageApplicationTests.employmentAndIncomeTestWithNegativeMonthlyDividends()[pri:0, instance:tests.MortgageApplicationTests@79f3f34c] output={null}]]]>
              </value>
            </param>
          </params>
          <reporter-output>
          </reporter-output>
        </test-method> <!-- tearDownMethod -->
        <test-method status="PASS" signature="setupMethod(java.lang.String,java.lang.reflect.Method)[pri:0, instance:tests.MortgageApplicationTests@79f3f34c]" name="setupMethod" is-config="true" duration-ms="639" started-at="2021-08-10T18:31:12 EDT" finished-at="2021-08-10T18:31:12 EDT">
          <params>
            <param index="0">
              <value is-null="true"/>
            </param>
            <param index="1">
              <value>
                <![CDATA[public void tests.MortgageApplicationTests.employmentAndIncomeTestWithNegativeMonthlyIncome()]]>
              </value>
            </param>
          </params>
          <reporter-output>
          </reporter-output>
        </test-method> <!-- setupMethod -->
        <test-method status="PASS" signature="employmentAndIncomeTestWithNegativeMonthlyIncome()[pri:0, instance:tests.MortgageApplicationTests@79f3f34c]" name="employmentAndIncomeTestWithNegativeMonthlyIncome" duration-ms="13994" started-at="2021-08-10T18:31:12 EDT" finished-at="2021-08-10T18:31:26 EDT">
          <reporter-output>
          </reporter-output>
        </test-method> <!-- employmentAndIncomeTestWithNegativeMonthlyIncome -->
        <test-method status="PASS" signature="tearDownMethod(org.testng.ITestResult)[pri:0, instance:tests.MortgageApplicationTests@79f3f34c]" name="tearDownMethod" is-config="true" duration-ms="1" started-at="2021-08-10T18:31:26 EDT" finished-at="2021-08-10T18:31:26 EDT">
          <params>
            <param index="0">
              <value>
                <![CDATA[[TestResult name=employmentAndIncomeTestWithNegativeMonthlyIncome status=SUCCESS method=MortgageApplicationTests.employmentAndIncomeTestWithNegativeMonthlyIncome()[pri:0, instance:tests.MortgageApplicationTests@79f3f34c] output={null}]]]>
              </value>
            </param>
          </params>
          <reporter-output>
          </reporter-output>
        </test-method> <!-- tearDownMethod -->
        <test-method status="PASS" signature="setupMethod(java.lang.String,java.lang.reflect.Method)[pri:0, instance:tests.MortgageApplicationTests@79f3f34c]" name="setupMethod" is-config="true" duration-ms="554" started-at="2021-08-10T18:31:26 EDT" finished-at="2021-08-10T18:31:27 EDT">
          <params>
            <param index="0">
              <value is-null="true"/>
            </param>
            <param index="1">
              <value>
                <![CDATA[public void tests.MortgageApplicationTests.employmentAndIncomeTestWithNegativeMonthlyOvertime()]]>
              </value>
            </param>
          </params>
          <reporter-output>
          </reporter-output>
        </test-method> <!-- setupMethod -->
        <test-method status="PASS" signature="employmentAndIncomeTestWithNegativeMonthlyOvertime()[pri:0, instance:tests.MortgageApplicationTests@79f3f34c]" name="employmentAndIncomeTestWithNegativeMonthlyOvertime" duration-ms="10814" started-at="2021-08-10T18:31:27 EDT" finished-at="2021-08-10T18:31:38 EDT">
          <reporter-output>
          </reporter-output>
        </test-method> <!-- employmentAndIncomeTestWithNegativeMonthlyOvertime -->
        <test-method status="PASS" signature="tearDownMethod(org.testng.ITestResult)[pri:0, instance:tests.MortgageApplicationTests@79f3f34c]" name="tearDownMethod" is-config="true" duration-ms="1" started-at="2021-08-10T18:31:38 EDT" finished-at="2021-08-10T18:31:38 EDT">
          <params>
            <param index="0">
              <value>
                <![CDATA[[TestResult name=employmentAndIncomeTestWithNegativeMonthlyOvertime status=SUCCESS method=MortgageApplicationTests.employmentAndIncomeTestWithNegativeMonthlyOvertime()[pri:0, instance:tests.MortgageApplicationTests@79f3f34c] output={null}]]]>
              </value>
            </param>
          </params>
          <reporter-output>
          </reporter-output>
        </test-method> <!-- tearDownMethod -->
        <test-method status="PASS" signature="setupMethod(java.lang.String,java.lang.reflect.Method)[pri:0, instance:tests.MortgageApplicationTests@79f3f34c]" name="setupMethod" is-config="true" duration-ms="334" started-at="2021-08-10T18:31:38 EDT" finished-at="2021-08-10T18:31:38 EDT">
          <params>
            <param index="0">
              <value is-null="true"/>
            </param>
            <param index="1">
              <value>
                <![CDATA[public void tests.MortgageApplicationTests.employmentAndIncomeTestWithNoEmployerName()]]>
              </value>
            </param>
          </params>
          <reporter-output>
          </reporter-output>
        </test-method> <!-- setupMethod -->
        <test-method status="PASS" signature="employmentAndIncomeTestWithNoEmployerName()[pri:0, instance:tests.MortgageApplicationTests@79f3f34c]" name="employmentAndIncomeTestWithNoEmployerName" duration-ms="12686" started-at="2021-08-10T18:31:38 EDT" finished-at="2021-08-10T18:31:51 EDT">
          <reporter-output>
          </reporter-output>
        </test-method> <!-- employmentAndIncomeTestWithNoEmployerName -->
        <test-method status="PASS" signature="tearDownMethod(org.testng.ITestResult)[pri:0, instance:tests.MortgageApplicationTests@79f3f34c]" name="tearDownMethod" is-config="true" duration-ms="1" started-at="2021-08-10T18:31:51 EDT" finished-at="2021-08-10T18:31:51 EDT">
          <params>
            <param index="0">
              <value>
                <![CDATA[[TestResult name=employmentAndIncomeTestWithNoEmployerName status=SUCCESS method=MortgageApplicationTests.employmentAndIncomeTestWithNoEmployerName()[pri:0, instance:tests.MortgageApplicationTests@79f3f34c] output={null}]]]>
              </value>
            </param>
          </params>
          <reporter-output>
          </reporter-output>
        </test-method> <!-- tearDownMethod -->
        <test-method status="PASS" signature="setupMethod(java.lang.String,java.lang.reflect.Method)[pri:0, instance:tests.MortgageApplicationTests@79f3f34c]" name="setupMethod" is-config="true" duration-ms="507" started-at="2021-08-10T18:31:51 EDT" finished-at="2021-08-10T18:31:51 EDT">
          <params>
            <param index="0">
              <value is-null="true"/>
            </param>
            <param index="1">
              <value>
                <![CDATA[public void tests.MortgageApplicationTests.expensesPageTestCheckingErrorText()]]>
              </value>
            </param>
          </params>
          <reporter-output>
          </reporter-output>
        </test-method> <!-- setupMethod -->
        <test-method status="PASS" signature="expensesPageTestCheckingErrorText()[pri:0, instance:tests.MortgageApplicationTests@79f3f34c]" name="expensesPageTestCheckingErrorText" duration-ms="8465" started-at="2021-08-10T18:31:51 EDT" finished-at="2021-08-10T18:32:00 EDT">
          <reporter-output>
          </reporter-output>
        </test-method> <!-- expensesPageTestCheckingErrorText -->
        <test-method status="PASS" signature="tearDownMethod(org.testng.ITestResult)[pri:0, instance:tests.MortgageApplicationTests@79f3f34c]" name="tearDownMethod" is-config="true" duration-ms="1" started-at="2021-08-10T18:32:00 EDT" finished-at="2021-08-10T18:32:00 EDT">
          <params>
            <param index="0">
              <value>
                <![CDATA[[TestResult name=expensesPageTestCheckingErrorText status=SUCCESS method=MortgageApplicationTests.expensesPageTestCheckingErrorText()[pri:0, instance:tests.MortgageApplicationTests@79f3f34c] output={null}]]]>
              </value>
            </param>
          </params>
          <reporter-output>
          </reporter-output>
        </test-method> <!-- tearDownMethod -->
        <test-method status="PASS" signature="setupMethod(java.lang.String,java.lang.reflect.Method)[pri:0, instance:tests.MortgageApplicationTests@79f3f34c]" name="setupMethod" is-config="true" duration-ms="371" started-at="2021-08-10T18:32:00 EDT" finished-at="2021-08-10T18:32:00 EDT">
          <params>
            <param index="0">
              <value is-null="true"/>
            </param>
            <param index="1">
              <value>
                <![CDATA[public void tests.MortgageApplicationTests.expensesPositiveTest()]]>
              </value>
            </param>
          </params>
          <reporter-output>
          </reporter-output>
        </test-method> <!-- setupMethod -->
        <test-method status="PASS" signature="expensesPositiveTest()[pri:0, instance:tests.MortgageApplicationTests@79f3f34c]" name="expensesPositiveTest" duration-ms="8248" started-at="2021-08-10T18:32:00 EDT" finished-at="2021-08-10T18:32:08 EDT">
          <reporter-output>
          </reporter-output>
        </test-method> <!-- expensesPositiveTest -->
        <test-method status="PASS" signature="tearDownMethod(org.testng.ITestResult)[pri:0, instance:tests.MortgageApplicationTests@79f3f34c]" name="tearDownMethod" is-config="true" duration-ms="1" started-at="2021-08-10T18:32:08 EDT" finished-at="2021-08-10T18:32:08 EDT">
          <params>
            <param index="0">
              <value>
                <![CDATA[[TestResult name=expensesPositiveTest status=SUCCESS method=MortgageApplicationTests.expensesPositiveTest()[pri:0, instance:tests.MortgageApplicationTests@79f3f34c] output={null}]]]>
              </value>
            </param>
          </params>
          <reporter-output>
          </reporter-output>
        </test-method> <!-- tearDownMethod -->
        <test-method status="PASS" signature="setupMethod(java.lang.String,java.lang.reflect.Method)[pri:0, instance:tests.MortgageApplicationTests@79f3f34c]" name="setupMethod" is-config="true" duration-ms="400" started-at="2021-08-10T18:32:08 EDT" finished-at="2021-08-10T18:32:09 EDT">
          <params>
            <param index="0">
              <value is-null="true"/>
            </param>
            <param index="1">
              <value>
                <![CDATA[public void tests.MortgageApplicationTests.mortgageApplicationHealthCheck()]]>
              </value>
            </param>
          </params>
          <reporter-output>
          </reporter-output>
        </test-method> <!-- setupMethod -->
        <test-method status="PASS" signature="mortgageApplicationHealthCheck()[pri:0, instance:tests.MortgageApplicationTests@79f3f34c]" name="mortgageApplicationHealthCheck" duration-ms="2298" started-at="2021-08-10T18:32:09 EDT" finished-at="2021-08-10T18:32:11 EDT">
          <reporter-output>
          </reporter-output>
        </test-method> <!-- mortgageApplicationHealthCheck -->
        <test-method status="PASS" signature="tearDownMethod(org.testng.ITestResult)[pri:0, instance:tests.MortgageApplicationTests@79f3f34c]" name="tearDownMethod" is-config="true" duration-ms="1" started-at="2021-08-10T18:32:11 EDT" finished-at="2021-08-10T18:32:11 EDT">
          <params>
            <param index="0">
              <value>
                <![CDATA[[TestResult name=mortgageApplicationHealthCheck status=SUCCESS method=MortgageApplicationTests.mortgageApplicationHealthCheck()[pri:0, instance:tests.MortgageApplicationTests@79f3f34c] output={null}]]]>
              </value>
            </param>
          </params>
          <reporter-output>
          </reporter-output>
        </test-method> <!-- tearDownMethod -->
        <test-method status="PASS" signature="setupMethod(java.lang.String,java.lang.reflect.Method)[pri:0, instance:tests.MortgageApplicationTests@79f3f34c]" name="setupMethod" is-config="true" duration-ms="272" started-at="2021-08-10T18:32:11 EDT" finished-at="2021-08-10T18:32:11 EDT">
          <params>
            <param index="0">
              <value is-null="true"/>
            </param>
            <param index="1">
              <value>
                <![CDATA[public void tests.MortgageApplicationTests.personalInformationNegativeTestWithEmptyName()]]>
              </value>
            </param>
          </params>
          <reporter-output>
          </reporter-output>
        </test-method> <!-- setupMethod -->
        <test-method status="PASS" signature="personalInformationNegativeTestWithEmptyName()[pri:0, instance:tests.MortgageApplicationTests@79f3f34c]" name="personalInformationNegativeTestWithEmptyName" duration-ms="7042" started-at="2021-08-10T18:32:11 EDT" finished-at="2021-08-10T18:32:18 EDT">
          <reporter-output>
          </reporter-output>
        </test-method> <!-- personalInformationNegativeTestWithEmptyName -->
        <test-method status="PASS" signature="tearDownMethod(org.testng.ITestResult)[pri:0, instance:tests.MortgageApplicationTests@79f3f34c]" name="tearDownMethod" is-config="true" duration-ms="1" started-at="2021-08-10T18:32:18 EDT" finished-at="2021-08-10T18:32:18 EDT">
          <params>
            <param index="0">
              <value>
                <![CDATA[[TestResult name=personalInformationNegativeTestWithEmptyName status=SUCCESS method=MortgageApplicationTests.personalInformationNegativeTestWithEmptyName()[pri:0, instance:tests.MortgageApplicationTests@79f3f34c] output={null}]]]>
              </value>
            </param>
          </params>
          <reporter-output>
          </reporter-output>
        </test-method> <!-- tearDownMethod -->
        <test-method status="PASS" signature="setupMethod(java.lang.String,java.lang.reflect.Method)[pri:0, instance:tests.MortgageApplicationTests@79f3f34c]" name="setupMethod" is-config="true" duration-ms="433" started-at="2021-08-10T18:32:18 EDT" finished-at="2021-08-10T18:32:19 EDT">
          <params>
            <param index="0">
              <value is-null="true"/>
            </param>
            <param index="1">
              <value>
                <![CDATA[public void tests.MortgageApplicationTests.personalInformationNegativeTestWithWrongDateOfBirth()]]>
              </value>
            </param>
          </params>
          <reporter-output>
          </reporter-output>
        </test-method> <!-- setupMethod -->
        <test-method status="PASS" signature="personalInformationNegativeTestWithWrongDateOfBirth()[pri:0, instance:tests.MortgageApplicationTests@79f3f34c]" name="personalInformationNegativeTestWithWrongDateOfBirth" duration-ms="7322" started-at="2021-08-10T18:32:19 EDT" finished-at="2021-08-10T18:32:26 EDT">
          <reporter-output>
          </reporter-output>
        </test-method> <!-- personalInformationNegativeTestWithWrongDateOfBirth -->
        <test-method status="PASS" signature="tearDownMethod(org.testng.ITestResult)[pri:0, instance:tests.MortgageApplicationTests@79f3f34c]" name="tearDownMethod" is-config="true" duration-ms="0" started-at="2021-08-10T18:32:26 EDT" finished-at="2021-08-10T18:32:26 EDT">
          <params>
            <param index="0">
              <value>
                <![CDATA[[TestResult name=personalInformationNegativeTestWithWrongDateOfBirth status=SUCCESS method=MortgageApplicationTests.personalInformationNegativeTestWithWrongDateOfBirth()[pri:0, instance:tests.MortgageApplicationTests@79f3f34c] output={null}]]]>
              </value>
            </param>
          </params>
          <reporter-output>
          </reporter-output>
        </test-method> <!-- tearDownMethod -->
        <test-method status="PASS" signature="setupMethod(java.lang.String,java.lang.reflect.Method)[pri:0, instance:tests.MortgageApplicationTests@79f3f34c]" name="setupMethod" is-config="true" duration-ms="420" started-at="2021-08-10T18:32:26 EDT" finished-at="2021-08-10T18:32:26 EDT">
          <params>
            <param index="0">
              <value is-null="true"/>
            </param>
            <param index="1">
              <value>
                <![CDATA[public void tests.MortgageApplicationTests.personalInformationNegativeTestWithWrongSSN()]]>
              </value>
            </param>
          </params>
          <reporter-output>
          </reporter-output>
        </test-method> <!-- setupMethod -->
        <test-method status="PASS" signature="personalInformationNegativeTestWithWrongSSN()[pri:0, instance:tests.MortgageApplicationTests@79f3f34c]" name="personalInformationNegativeTestWithWrongSSN" duration-ms="9157" started-at="2021-08-10T18:32:26 EDT" finished-at="2021-08-10T18:32:36 EDT">
          <reporter-output>
          </reporter-output>
        </test-method> <!-- personalInformationNegativeTestWithWrongSSN -->
        <test-method status="PASS" signature="tearDownMethod(org.testng.ITestResult)[pri:0, instance:tests.MortgageApplicationTests@79f3f34c]" name="tearDownMethod" is-config="true" duration-ms="2" started-at="2021-08-10T18:32:36 EDT" finished-at="2021-08-10T18:32:36 EDT">
          <params>
            <param index="0">
              <value>
                <![CDATA[[TestResult name=personalInformationNegativeTestWithWrongSSN status=SUCCESS method=MortgageApplicationTests.personalInformationNegativeTestWithWrongSSN()[pri:0, instance:tests.MortgageApplicationTests@79f3f34c] output={null}]]]>
              </value>
            </param>
          </params>
          <reporter-output>
          </reporter-output>
        </test-method> <!-- tearDownMethod -->
        <test-method status="PASS" signature="setupMethod(java.lang.String,java.lang.reflect.Method)[pri:0, instance:tests.MortgageApplicationTests@79f3f34c]" name="setupMethod" is-config="true" duration-ms="470" started-at="2021-08-10T18:32:36 EDT" finished-at="2021-08-10T18:32:36 EDT">
          <params>
            <param index="0">
              <value is-null="true"/>
            </param>
            <param index="1">
              <value>
                <![CDATA[public void tests.MortgageApplicationTests.personalInformationPageTest()]]>
              </value>
            </param>
          </params>
          <reporter-output>
          </reporter-output>
        </test-method> <!-- setupMethod -->
        <test-method status="PASS" signature="personalInformationPageTest()[pri:0, instance:tests.MortgageApplicationTests@79f3f34c]" name="personalInformationPageTest" duration-ms="5106" started-at="2021-08-10T18:32:36 EDT" finished-at="2021-08-10T18:32:41 EDT">
          <reporter-output>
          </reporter-output>
        </test-method> <!-- personalInformationPageTest -->
        <test-method status="PASS" signature="tearDownMethod(org.testng.ITestResult)[pri:0, instance:tests.MortgageApplicationTests@79f3f34c]" name="tearDownMethod" is-config="true" duration-ms="1" started-at="2021-08-10T18:32:41 EDT" finished-at="2021-08-10T18:32:41 EDT">
          <params>
            <param index="0">
              <value>
                <![CDATA[[TestResult name=personalInformationPageTest status=SUCCESS method=MortgageApplicationTests.personalInformationPageTest()[pri:0, instance:tests.MortgageApplicationTests@79f3f34c] output={null}]]]>
              </value>
            </param>
          </params>
          <reporter-output>
          </reporter-output>
        </test-method> <!-- tearDownMethod -->
        <test-method status="PASS" signature="setupMethod(java.lang.String,java.lang.reflect.Method)[pri:0, instance:tests.MortgageApplicationTests@79f3f34c]" name="setupMethod" is-config="true" duration-ms="307" started-at="2021-08-10T18:32:41 EDT" finished-at="2021-08-10T18:32:41 EDT">
          <params>
            <param index="0">
              <value is-null="true"/>
            </param>
            <param index="1">
              <value>
                <![CDATA[public void tests.MortgageApplicationTests.personalInformationPositiveTest()]]>
              </value>
            </param>
          </params>
          <reporter-output>
          </reporter-output>
        </test-method> <!-- setupMethod -->
        <test-method status="PASS" signature="personalInformationPositiveTest()[pri:0, instance:tests.MortgageApplicationTests@79f3f34c]" name="personalInformationPositiveTest" duration-ms="6207" started-at="2021-08-10T18:32:41 EDT" finished-at="2021-08-10T18:32:48 EDT">
          <reporter-output>
          </reporter-output>
        </test-method> <!-- personalInformationPositiveTest -->
        <test-method status="PASS" signature="tearDownMethod(org.testng.ITestResult)[pri:0, instance:tests.MortgageApplicationTests@79f3f34c]" name="tearDownMethod" is-config="true" duration-ms="0" started-at="2021-08-10T18:32:48 EDT" finished-at="2021-08-10T18:32:48 EDT">
          <params>
            <param index="0">
              <value>
                <![CDATA[[TestResult name=personalInformationPositiveTest status=SUCCESS method=MortgageApplicationTests.personalInformationPositiveTest()[pri:0, instance:tests.MortgageApplicationTests@79f3f34c] output={null}]]]>
              </value>
            </param>
          </params>
          <reporter-output>
          </reporter-output>
        </test-method> <!-- tearDownMethod -->
        <test-method status="PASS" signature="setupMethod(java.lang.String,java.lang.reflect.Method)[pri:0, instance:tests.MortgageApplicationTests@79f3f34c]" name="setupMethod" is-config="true" duration-ms="340" started-at="2021-08-10T18:32:48 EDT" finished-at="2021-08-10T18:32:48 EDT">
          <params>
            <param index="0">
              <value is-null="true"/>
            </param>
            <param index="1">
              <value>
                <![CDATA[public void tests.MortgageApplicationTests.personalInformationTestAndClickPrivacyPolicyLink()]]>
              </value>
            </param>
          </params>
          <reporter-output>
          </reporter-output>
        </test-method> <!-- setupMethod -->
        <test-method status="PASS" signature="personalInformationTestAndClickPrivacyPolicyLink()[pri:0, instance:tests.MortgageApplicationTests@79f3f34c]" name="personalInformationTestAndClickPrivacyPolicyLink" duration-ms="3246" started-at="2021-08-10T18:32:48 EDT" finished-at="2021-08-10T18:32:51 EDT">
          <reporter-output>
          </reporter-output>
        </test-method> <!-- personalInformationTestAndClickPrivacyPolicyLink -->
        <test-method status="PASS" signature="tearDownMethod(org.testng.ITestResult)[pri:0, instance:tests.MortgageApplicationTests@79f3f34c]" name="tearDownMethod" is-config="true" duration-ms="1" started-at="2021-08-10T18:32:51 EDT" finished-at="2021-08-10T18:32:51 EDT">
          <params>
            <param index="0">
              <value>
                <![CDATA[[TestResult name=personalInformationTestAndClickPrivacyPolicyLink status=SUCCESS method=MortgageApplicationTests.personalInformationTestAndClickPrivacyPolicyLink()[pri:0, instance:tests.MortgageApplicationTests@79f3f34c] output={null}]]]>
              </value>
            </param>
          </params>
          <reporter-output>
          </reporter-output>
        </test-method> <!-- tearDownMethod -->
        <test-method status="PASS" signature="setupMethod(java.lang.String,java.lang.reflect.Method)[pri:0, instance:tests.MortgageApplicationTests@79f3f34c]" name="setupMethod" is-config="true" duration-ms="270" started-at="2021-08-10T18:32:51 EDT" finished-at="2021-08-10T18:32:52 EDT">
          <params>
            <param index="0">
              <value is-null="true"/>
            </param>
            <param index="1">
              <value>
                <![CDATA[public void tests.MortgageApplicationTests.personalInformationTestForASingleCustomer()]]>
              </value>
            </param>
          </params>
          <reporter-output>
          </reporter-output>
        </test-method> <!-- setupMethod -->
        <test-method status="PASS" signature="personalInformationTestForASingleCustomer()[pri:0, instance:tests.MortgageApplicationTests@79f3f34c]" name="personalInformationTestForASingleCustomer" duration-ms="3913" started-at="2021-08-10T18:32:52 EDT" finished-at="2021-08-10T18:32:55 EDT">
          <reporter-output>
          </reporter-output>
        </test-method> <!-- personalInformationTestForASingleCustomer -->
        <test-method status="PASS" signature="tearDownMethod(org.testng.ITestResult)[pri:0, instance:tests.MortgageApplicationTests@79f3f34c]" name="tearDownMethod" is-config="true" duration-ms="0" started-at="2021-08-10T18:32:55 EDT" finished-at="2021-08-10T18:32:55 EDT">
          <params>
            <param index="0">
              <value>
                <![CDATA[[TestResult name=personalInformationTestForASingleCustomer status=SUCCESS method=MortgageApplicationTests.personalInformationTestForASingleCustomer()[pri:0, instance:tests.MortgageApplicationTests@79f3f34c] output={null}]]]>
              </value>
            </param>
          </params>
          <reporter-output>
          </reporter-output>
        </test-method> <!-- tearDownMethod -->
        <test-method status="PASS" signature="setupMethod(java.lang.String,java.lang.reflect.Method)[pri:0, instance:tests.MortgageApplicationTests@79f3f34c]" name="setupMethod" is-config="true" duration-ms="244" started-at="2021-08-10T18:32:55 EDT" finished-at="2021-08-10T18:32:56 EDT">
          <params>
            <param index="0">
              <value is-null="true"/>
            </param>
            <param index="1">
              <value>
                <![CDATA[public void tests.MortgageApplicationTests.personalInformationTestNoClickingPrivatePolicy()]]>
              </value>
            </param>
          </params>
          <reporter-output>
          </reporter-output>
        </test-method> <!-- setupMethod -->
        <test-method status="PASS" signature="personalInformationTestNoClickingPrivatePolicy()[pri:0, instance:tests.MortgageApplicationTests@79f3f34c]" name="personalInformationTestNoClickingPrivatePolicy" duration-ms="3561" started-at="2021-08-10T18:32:56 EDT" finished-at="2021-08-10T18:32:59 EDT">
          <reporter-output>
          </reporter-output>
        </test-method> <!-- personalInformationTestNoClickingPrivatePolicy -->
        <test-method status="PASS" signature="tearDownMethod(org.testng.ITestResult)[pri:0, instance:tests.MortgageApplicationTests@79f3f34c]" name="tearDownMethod" is-config="true" duration-ms="0" started-at="2021-08-10T18:32:59 EDT" finished-at="2021-08-10T18:32:59 EDT">
          <params>
            <param index="0">
              <value>
                <![CDATA[[TestResult name=personalInformationTestNoClickingPrivatePolicy status=SUCCESS method=MortgageApplicationTests.personalInformationTestNoClickingPrivatePolicy()[pri:0, instance:tests.MortgageApplicationTests@79f3f34c] output={null}]]]>
              </value>
            </param>
          </params>
          <reporter-output>
          </reporter-output>
        </test-method> <!-- tearDownMethod -->
        <test-method status="PASS" signature="setupMethod(java.lang.String,java.lang.reflect.Method)[pri:0, instance:tests.MortgageApplicationTests@79f3f34c]" name="setupMethod" is-config="true" duration-ms="326" started-at="2021-08-10T18:32:59 EDT" finished-at="2021-08-10T18:33:00 EDT">
          <params>
            <param index="0">
              <value is-null="true"/>
            </param>
            <param index="1">
              <value>
                <![CDATA[public void tests.MortgageApplicationTests.personalInformationTestWithWrongCellNumber()]]>
              </value>
            </param>
          </params>
          <reporter-output>
          </reporter-output>
        </test-method> <!-- setupMethod -->
        <test-method status="PASS" signature="personalInformationTestWithWrongCellNumber()[pri:0, instance:tests.MortgageApplicationTests@79f3f34c]" name="personalInformationTestWithWrongCellNumber" duration-ms="3413" started-at="2021-08-10T18:33:00 EDT" finished-at="2021-08-10T18:33:03 EDT">
          <reporter-output>
          </reporter-output>
        </test-method> <!-- personalInformationTestWithWrongCellNumber -->
        <test-method status="PASS" signature="setupMethod(java.lang.String,java.lang.reflect.Method)[pri:0, instance:tests.MortgageApplicationTests@79f3f34c]" name="setupMethod" is-config="true" duration-ms="254" started-at="2021-08-10T18:33:03 EDT" finished-at="2021-08-10T18:33:03 EDT">
          <params>
            <param index="0">
              <value is-null="true"/>
            </param>
            <param index="1">
              <value>
                <![CDATA[public void tests.MortgageApplicationTests.personalInformationTestWithWrongEmailFormat()]]>
              </value>
            </param>
          </params>
          <reporter-output>
          </reporter-output>
        </test-method> <!-- setupMethod -->
        <test-method status="PASS" signature="tearDownMethod(org.testng.ITestResult)[pri:0, instance:tests.MortgageApplicationTests@79f3f34c]" name="tearDownMethod" is-config="true" duration-ms="0" started-at="2021-08-10T18:33:03 EDT" finished-at="2021-08-10T18:33:03 EDT">
          <params>
            <param index="0">
              <value>
                <![CDATA[[TestResult name=personalInformationTestWithWrongCellNumber status=SUCCESS method=MortgageApplicationTests.personalInformationTestWithWrongCellNumber()[pri:0, instance:tests.MortgageApplicationTests@79f3f34c] output={null}]]]>
              </value>
            </param>
          </params>
          <reporter-output>
          </reporter-output>
        </test-method> <!-- tearDownMethod -->
        <test-method status="PASS" signature="personalInformationTestWithWrongEmailFormat()[pri:0, instance:tests.MortgageApplicationTests@79f3f34c]" name="personalInformationTestWithWrongEmailFormat" duration-ms="3703" started-at="2021-08-10T18:33:03 EDT" finished-at="2021-08-10T18:33:07 EDT">
          <reporter-output>
          </reporter-output>
        </test-method> <!-- personalInformationTestWithWrongEmailFormat -->
        <test-method status="PASS" signature="setupMethod(java.lang.String,java.lang.reflect.Method)[pri:0, instance:tests.MortgageApplicationTests@79f3f34c]" name="setupMethod" is-config="true" duration-ms="255" started-at="2021-08-10T18:33:07 EDT" finished-at="2021-08-10T18:33:07 EDT">
          <params>
            <param index="0">
              <value is-null="true"/>
            </param>
            <param index="1">
              <value>
                <![CDATA[public void tests.MortgageApplicationTests.preapprovalDetailsNegativeTestWithWrongRealtorInfo()]]>
              </value>
            </param>
          </params>
          <reporter-output>
          </reporter-output>
        </test-method> <!-- setupMethod -->
        <test-method status="PASS" signature="tearDownMethod(org.testng.ITestResult)[pri:0, instance:tests.MortgageApplicationTests@79f3f34c]" name="tearDownMethod" is-config="true" duration-ms="0" started-at="2021-08-10T18:33:07 EDT" finished-at="2021-08-10T18:33:07 EDT">
          <params>
            <param index="0">
              <value>
                <![CDATA[[TestResult name=personalInformationTestWithWrongEmailFormat status=SUCCESS method=MortgageApplicationTests.personalInformationTestWithWrongEmailFormat()[pri:0, instance:tests.MortgageApplicationTests@79f3f34c] output={null}]]]>
              </value>
            </param>
          </params>
          <reporter-output>
          </reporter-output>
        </test-method> <!-- tearDownMethod -->
        <test-method status="PASS" signature="preapprovalDetailsNegativeTestWithWrongRealtorInfo()[pri:0, instance:tests.MortgageApplicationTests@79f3f34c]" name="preapprovalDetailsNegativeTestWithWrongRealtorInfo" duration-ms="2523" started-at="2021-08-10T18:33:07 EDT" finished-at="2021-08-10T18:33:10 EDT">
          <reporter-output>
          </reporter-output>
        </test-method> <!-- preapprovalDetailsNegativeTestWithWrongRealtorInfo -->
        <test-method status="PASS" signature="tearDownMethod(org.testng.ITestResult)[pri:0, instance:tests.MortgageApplicationTests@79f3f34c]" name="tearDownMethod" is-config="true" duration-ms="0" started-at="2021-08-10T18:33:10 EDT" finished-at="2021-08-10T18:33:10 EDT">
          <params>
            <param index="0">
              <value>
                <![CDATA[[TestResult name=preapprovalDetailsNegativeTestWithWrongRealtorInfo status=SUCCESS method=MortgageApplicationTests.preapprovalDetailsNegativeTestWithWrongRealtorInfo()[pri:0, instance:tests.MortgageApplicationTests@79f3f34c] output={null}]]]>
              </value>
            </param>
          </params>
          <reporter-output>
          </reporter-output>
        </test-method> <!-- tearDownMethod -->
        <test-method status="PASS" signature="setupMethod(java.lang.String,java.lang.reflect.Method)[pri:0, instance:tests.MortgageApplicationTests@79f3f34c]" name="setupMethod" is-config="true" duration-ms="237" started-at="2021-08-10T18:33:10 EDT" finished-at="2021-08-10T18:33:10 EDT">
          <params>
            <param index="0">
              <value is-null="true"/>
            </param>
            <param index="1">
              <value>
                <![CDATA[public void tests.MortgageApplicationTests.preapprovalDetailsPageTest()]]>
              </value>
            </param>
          </params>
          <reporter-output>
          </reporter-output>
        </test-method> <!-- setupMethod -->
        <test-method status="PASS" signature="preapprovalDetailsPageTest()[pri:0, instance:tests.MortgageApplicationTests@79f3f34c]" name="preapprovalDetailsPageTest" duration-ms="1516" started-at="2021-08-10T18:33:10 EDT" finished-at="2021-08-10T18:33:12 EDT">
          <reporter-output>
          </reporter-output>
        </test-method> <!-- preapprovalDetailsPageTest -->
        <test-method status="PASS" signature="tearDownMethod(org.testng.ITestResult)[pri:0, instance:tests.MortgageApplicationTests@79f3f34c]" name="tearDownMethod" is-config="true" duration-ms="0" started-at="2021-08-10T18:33:12 EDT" finished-at="2021-08-10T18:33:12 EDT">
          <params>
            <param index="0">
              <value>
                <![CDATA[[TestResult name=preapprovalDetailsPageTest status=SUCCESS method=MortgageApplicationTests.preapprovalDetailsPageTest()[pri:0, instance:tests.MortgageApplicationTests@79f3f34c] output={null}]]]>
              </value>
            </param>
          </params>
          <reporter-output>
          </reporter-output>
        </test-method> <!-- tearDownMethod -->
        <test-method status="PASS" signature="setupMethod(java.lang.String,java.lang.reflect.Method)[pri:0, instance:tests.MortgageApplicationTests@79f3f34c]" name="setupMethod" is-config="true" duration-ms="246" started-at="2021-08-10T18:33:12 EDT" finished-at="2021-08-10T18:33:12 EDT">
          <params>
            <param index="0">
              <value is-null="true"/>
            </param>
            <param index="1">
              <value>
                <![CDATA[public void tests.MortgageApplicationTests.preapprovalDetailsPositiveTest()]]>
              </value>
            </param>
          </params>
          <reporter-output>
          </reporter-output>
        </test-method> <!-- setupMethod -->
        <test-method status="PASS" signature="preapprovalDetailsPositiveTest()[pri:0, instance:tests.MortgageApplicationTests@79f3f34c]" name="preapprovalDetailsPositiveTest" duration-ms="2791" started-at="2021-08-10T18:33:12 EDT" finished-at="2021-08-10T18:33:15 EDT">
          <reporter-output>
          </reporter-output>
        </test-method> <!-- preapprovalDetailsPositiveTest -->
        <test-method status="PASS" signature="tearDownMethod(org.testng.ITestResult)[pri:0, instance:tests.MortgageApplicationTests@79f3f34c]" name="tearDownMethod" is-config="true" duration-ms="1" started-at="2021-08-10T18:33:15 EDT" finished-at="2021-08-10T18:33:15 EDT">
          <params>
            <param index="0">
              <value>
                <![CDATA[[TestResult name=preapprovalDetailsPositiveTest status=SUCCESS method=MortgageApplicationTests.preapprovalDetailsPositiveTest()[pri:0, instance:tests.MortgageApplicationTests@79f3f34c] output={null}]]]>
              </value>
            </param>
          </params>
          <reporter-output>
          </reporter-output>
        </test-method> <!-- tearDownMethod -->
        <test-method status="PASS" signature="setupMethod(java.lang.String,java.lang.reflect.Method)[pri:0, instance:tests.MortgageApplicationTests@79f3f34c]" name="setupMethod" is-config="true" duration-ms="323" started-at="2021-08-10T18:33:15 EDT" finished-at="2021-08-10T18:33:15 EDT">
          <params>
            <param index="0">
              <value is-null="true"/>
            </param>
            <param index="1">
              <value>
                <![CDATA[public void tests.MortgageApplicationTests.preapprovalDetailsTestCheckingCalculatedLoanAmount()]]>
              </value>
            </param>
          </params>
          <reporter-output>
          </reporter-output>
        </test-method> <!-- setupMethod -->
        <test-method status="PASS" signature="preapprovalDetailsTestCheckingCalculatedLoanAmount()[pri:0, instance:tests.MortgageApplicationTests@79f3f34c]" name="preapprovalDetailsTestCheckingCalculatedLoanAmount" duration-ms="2327" started-at="2021-08-10T18:33:15 EDT" finished-at="2021-08-10T18:33:17 EDT">
          <reporter-output>
          </reporter-output>
        </test-method> <!-- preapprovalDetailsTestCheckingCalculatedLoanAmount -->
        <test-method status="PASS" signature="tearDownMethod(org.testng.ITestResult)[pri:0, instance:tests.MortgageApplicationTests@79f3f34c]" name="tearDownMethod" is-config="true" duration-ms="0" started-at="2021-08-10T18:33:17 EDT" finished-at="2021-08-10T18:33:17 EDT">
          <params>
            <param index="0">
              <value>
                <![CDATA[[TestResult name=preapprovalDetailsTestCheckingCalculatedLoanAmount status=SUCCESS method=MortgageApplicationTests.preapprovalDetailsTestCheckingCalculatedLoanAmount()[pri:0, instance:tests.MortgageApplicationTests@79f3f34c] output={null}]]]>
              </value>
            </param>
          </params>
          <reporter-output>
          </reporter-output>
        </test-method> <!-- tearDownMethod -->
        <test-method status="PASS" signature="setupMethod(java.lang.String,java.lang.reflect.Method)[pri:0, instance:tests.MortgageApplicationTests@79f3f34c]" name="setupMethod" is-config="true" duration-ms="311" started-at="2021-08-10T18:33:17 EDT" finished-at="2021-08-10T18:33:18 EDT">
          <params>
            <param index="0">
              <value is-null="true"/>
            </param>
            <param index="1">
              <value>
                <![CDATA[public void tests.MortgageApplicationTests.summaryPageTest()]]>
              </value>
            </param>
          </params>
          <reporter-output>
          </reporter-output>
        </test-method> <!-- setupMethod -->
        <test-method status="PASS" signature="summaryPageTest()[pri:0, instance:tests.MortgageApplicationTests@79f3f34c]" name="summaryPageTest" duration-ms="8240" started-at="2021-08-10T18:33:18 EDT" finished-at="2021-08-10T18:33:26 EDT">
          <reporter-output>
          </reporter-output>
        </test-method> <!-- summaryPageTest -->
        <test-method status="PASS" signature="tearDownMethod(org.testng.ITestResult)[pri:0, instance:tests.MortgageApplicationTests@79f3f34c]" name="tearDownMethod" is-config="true" duration-ms="0" started-at="2021-08-10T18:33:26 EDT" finished-at="2021-08-10T18:33:26 EDT">
          <params>
            <param index="0">
              <value>
                <![CDATA[[TestResult name=summaryPageTest status=SUCCESS method=MortgageApplicationTests.summaryPageTest()[pri:0, instance:tests.MortgageApplicationTests@79f3f34c] output={null}]]]>
              </value>
            </param>
          </params>
          <reporter-output>
          </reporter-output>
        </test-method> <!-- tearDownMethod -->
      </class> <!-- tests.MortgageApplicationTests -->
      <class name="tests.LoginTests">
        <test-method status="PASS" signature="setupMethod(java.lang.String,java.lang.reflect.Method)[pri:0, instance:tests.LoginTests@5295779]" name="setupMethod" is-config="true" duration-ms="244" started-at="2021-08-10T18:33:26 EDT" finished-at="2021-08-10T18:33:26 EDT">
          <params>
            <param index="0">
              <value is-null="true"/>
            </param>
            <param index="1">
              <value>
                <![CDATA[public void tests.LoginTests.appHealthCheck()]]>
              </value>
            </param>
          </params>
          <reporter-output>
          </reporter-output>
        </test-method> <!-- setupMethod -->
        <test-method status="PASS" signature="appHealthCheck()[pri:0, instance:tests.LoginTests@5295779]" name="appHealthCheck" duration-ms="6" started-at="2021-08-10T18:33:26 EDT" finished-at="2021-08-10T18:33:26 EDT">
          <reporter-output>
          </reporter-output>
        </test-method> <!-- appHealthCheck -->
        <test-method status="PASS" signature="tearDownMethod(org.testng.ITestResult)[pri:0, instance:tests.LoginTests@5295779]" name="tearDownMethod" is-config="true" duration-ms="1" started-at="2021-08-10T18:33:26 EDT" finished-at="2021-08-10T18:33:26 EDT">
          <params>
            <param index="0">
              <value>
                <![CDATA[[TestResult name=appHealthCheck status=SUCCESS method=LoginTests.appHealthCheck()[pri:0, instance:tests.LoginTests@5295779] output={null}]]]>
              </value>
            </param>
          </params>
          <reporter-output>
          </reporter-output>
        </test-method> <!-- tearDownMethod -->
        <test-method status="PASS" signature="setupMethod(java.lang.String,java.lang.reflect.Method)[pri:0, instance:tests.LoginTests@5295779]" name="setupMethod" is-config="true" duration-ms="242" started-at="2021-08-10T18:33:26 EDT" finished-at="2021-08-10T18:33:26 EDT">
          <params>
            <param index="0">
              <value is-null="true"/>
            </param>
            <param index="1">
              <value>
                <![CDATA[public void tests.LoginTests.loginAndVerifyUrl()]]>
              </value>
            </param>
          </params>
          <reporter-output>
          </reporter-output>
        </test-method> <!-- setupMethod -->
        <test-method status="PASS" signature="loginAndVerifyUrl()[pri:0, instance:tests.LoginTests@5295779]" name="loginAndVerifyUrl" duration-ms="682" started-at="2021-08-10T18:33:26 EDT" finished-at="2021-08-10T18:33:27 EDT">
          <reporter-output>
          </reporter-output>
        </test-method> <!-- loginAndVerifyUrl -->
        <test-method status="PASS" signature="tearDownMethod(org.testng.ITestResult)[pri:0, instance:tests.LoginTests@5295779]" name="tearDownMethod" is-config="true" duration-ms="0" started-at="2021-08-10T18:33:27 EDT" finished-at="2021-08-10T18:33:27 EDT">
          <params>
            <param index="0">
              <value>
                <![CDATA[[TestResult name=loginAndVerifyUrl status=SUCCESS method=LoginTests.loginAndVerifyUrl()[pri:0, instance:tests.LoginTests@5295779] output={null}]]]>
              </value>
            </param>
          </params>
          <reporter-output>
          </reporter-output>
        </test-method> <!-- tearDownMethod -->
        <test-method status="PASS" signature="setupMethod(java.lang.String,java.lang.reflect.Method)[pri:0, instance:tests.LoginTests@5295779]" name="setupMethod" is-config="true" duration-ms="252" started-at="2021-08-10T18:33:27 EDT" finished-at="2021-08-10T18:33:27 EDT">
          <params>
            <param index="0">
              <value is-null="true"/>
            </param>
            <param index="1">
              <value>
                <![CDATA[public void tests.LoginTests.negativeLoginWithRandomCharactersInsteadOfEmail()]]>
              </value>
            </param>
          </params>
          <reporter-output>
          </reporter-output>
        </test-method> <!-- setupMethod -->
        <test-method status="PASS" signature="negativeLoginWithRandomCharactersInsteadOfEmail()[pri:0, instance:tests.LoginTests@5295779]" name="negativeLoginWithRandomCharactersInsteadOfEmail" duration-ms="695" started-at="2021-08-10T18:33:27 EDT" finished-at="2021-08-10T18:33:28 EDT">
          <reporter-output>
          </reporter-output>
        </test-method> <!-- negativeLoginWithRandomCharactersInsteadOfEmail -->
        <test-method status="PASS" signature="tearDownMethod(org.testng.ITestResult)[pri:0, instance:tests.LoginTests@5295779]" name="tearDownMethod" is-config="true" duration-ms="0" started-at="2021-08-10T18:33:28 EDT" finished-at="2021-08-10T18:33:28 EDT">
          <params>
            <param index="0">
              <value>
                <![CDATA[[TestResult name=negativeLoginWithRandomCharactersInsteadOfEmail status=SUCCESS method=LoginTests.negativeLoginWithRandomCharactersInsteadOfEmail()[pri:0, instance:tests.LoginTests@5295779] output={null}]]]>
              </value>
            </param>
          </params>
          <reporter-output>
          </reporter-output>
        </test-method> <!-- tearDownMethod -->
        <test-method status="PASS" signature="setupMethod(java.lang.String,java.lang.reflect.Method)[pri:0, instance:tests.LoginTests@5295779]" name="setupMethod" is-config="true" duration-ms="233" started-at="2021-08-10T18:33:28 EDT" finished-at="2021-08-10T18:33:28 EDT">
          <params>
            <param index="0">
              <value is-null="true"/>
            </param>
            <param index="1">
              <value>
                <![CDATA[public void tests.LoginTests.negativeLoginWithRandomEmailAndPass()]]>
              </value>
            </param>
          </params>
          <reporter-output>
          </reporter-output>
        </test-method> <!-- setupMethod -->
        <test-method status="PASS" signature="negativeLoginWithRandomEmailAndPass()[pri:0, instance:tests.LoginTests@5295779]" name="negativeLoginWithRandomEmailAndPass" duration-ms="370" started-at="2021-08-10T18:33:28 EDT" finished-at="2021-08-10T18:33:28 EDT">
          <reporter-output>
          </reporter-output>
        </test-method> <!-- negativeLoginWithRandomEmailAndPass -->
        <test-method status="PASS" signature="setupMethod(java.lang.String,java.lang.reflect.Method)[pri:0, instance:tests.LoginTests@5295779]" name="setupMethod" is-config="true" duration-ms="251" started-at="2021-08-10T18:33:28 EDT" finished-at="2021-08-10T18:33:29 EDT">
          <params>
            <param index="0">
              <value is-null="true"/>
            </param>
            <param index="1">
              <value>
                <![CDATA[public void tests.LoginTests.positiveLogin()]]>
              </value>
            </param>
          </params>
          <reporter-output>
          </reporter-output>
        </test-method> <!-- setupMethod -->
        <test-method status="PASS" signature="tearDownMethod(org.testng.ITestResult)[pri:0, instance:tests.LoginTests@5295779]" name="tearDownMethod" is-config="true" duration-ms="0" started-at="2021-08-10T18:33:28 EDT" finished-at="2021-08-10T18:33:28 EDT">
          <params>
            <param index="0">
              <value>
                <![CDATA[[TestResult name=negativeLoginWithRandomEmailAndPass status=SUCCESS method=LoginTests.negativeLoginWithRandomEmailAndPass()[pri:0, instance:tests.LoginTests@5295779] output={null}]]]>
              </value>
            </param>
          </params>
          <reporter-output>
          </reporter-output>
        </test-method> <!-- tearDownMethod -->
        <test-method status="PASS" signature="positiveLogin()[pri:1, instance:tests.LoginTests@5295779]" name="positiveLogin" duration-ms="947" started-at="2021-08-10T18:33:29 EDT" finished-at="2021-08-10T18:33:30 EDT">
          <reporter-output>
          </reporter-output>
        </test-method> <!-- positiveLogin -->
        <test-method status="PASS" signature="tearDownMethod(org.testng.ITestResult)[pri:0, instance:tests.LoginTests@5295779]" name="tearDownMethod" is-config="true" duration-ms="0" started-at="2021-08-10T18:33:30 EDT" finished-at="2021-08-10T18:33:30 EDT">
          <params>
            <param index="0">
              <value>
                <![CDATA[[TestResult name=positiveLogin status=SUCCESS method=LoginTests.positiveLogin()[pri:1, instance:tests.LoginTests@5295779] output={null}]]]>
              </value>
            </param>
          </params>
          <reporter-output>
          </reporter-output>
        </test-method> <!-- tearDownMethod -->
        <test-method status="PASS" signature="setupMethod(java.lang.String,java.lang.reflect.Method)[pri:0, instance:tests.LoginTests@5295779]" name="setupMethod" is-config="true" duration-ms="243" started-at="2021-08-10T18:33:30 EDT" finished-at="2021-08-10T18:33:30 EDT">
          <params>
            <param index="0">
              <value is-null="true"/>
            </param>
            <param index="1">
              <value>
                <![CDATA[public void tests.LoginTests.loginAndVerifyUsername()]]>
              </value>
            </param>
          </params>
          <reporter-output>
          </reporter-output>
        </test-method> <!-- setupMethod -->
        <test-method status="PASS" signature="loginAndVerifyUsername()[pri:2, instance:tests.LoginTests@5295779]" name="loginAndVerifyUsername" duration-ms="777" started-at="2021-08-10T18:33:30 EDT" finished-at="2021-08-10T18:33:31 EDT">
          <reporter-output>
          </reporter-output>
        </test-method> <!-- loginAndVerifyUsername -->
        <test-method status="PASS" signature="tearDownMethod(org.testng.ITestResult)[pri:0, instance:tests.LoginTests@5295779]" name="tearDownMethod" is-config="true" duration-ms="1" started-at="2021-08-10T18:33:31 EDT" finished-at="2021-08-10T18:33:31 EDT">
          <params>
            <param index="0">
              <value>
                <![CDATA[[TestResult name=loginAndVerifyUsername status=SUCCESS method=LoginTests.loginAndVerifyUsername()[pri:2, instance:tests.LoginTests@5295779] output={null}]]]>
              </value>
            </param>
          </params>
          <reporter-output>
          </reporter-output>
        </test-method> <!-- tearDownMethod -->
      </class> <!-- tests.LoginTests -->
      <class name="tests.ApplicationListTest">
        <test-method status="PASS" signature="setupMethod(java.lang.String,java.lang.reflect.Method)[pri:0, instance:tests.ApplicationListTest@6816b0cb]" name="setupMethod" is-config="true" duration-ms="289" started-at="2021-08-10T18:33:31 EDT" finished-at="2021-08-10T18:33:31 EDT">
          <params>
            <param index="0">
              <value is-null="true"/>
            </param>
            <param index="1">
              <value>
                <![CDATA[public void tests.ApplicationListTest.appPageHealthCheck()]]>
              </value>
            </param>
          </params>
          <reporter-output>
          </reporter-output>
        </test-method> <!-- setupMethod -->
        <test-method status="PASS" signature="appPageHealthCheck()[pri:0, instance:tests.ApplicationListTest@6816b0cb]" name="appPageHealthCheck" duration-ms="1375" started-at="2021-08-10T18:33:31 EDT" finished-at="2021-08-10T18:33:32 EDT">
          <reporter-output>
          </reporter-output>
        </test-method> <!-- appPageHealthCheck -->
        <test-method status="PASS" signature="tearDownMethod(org.testng.ITestResult)[pri:0, instance:tests.ApplicationListTest@6816b0cb]" name="tearDownMethod" is-config="true" duration-ms="0" started-at="2021-08-10T18:33:32 EDT" finished-at="2021-08-10T18:33:32 EDT">
          <params>
            <param index="0">
              <value>
                <![CDATA[[TestResult name=appPageHealthCheck status=SUCCESS method=ApplicationListTest.appPageHealthCheck()[pri:0, instance:tests.ApplicationListTest@6816b0cb] output={null}]]]>
              </value>
            </param>
          </params>
          <reporter-output>
          </reporter-output>
        </test-method> <!-- tearDownMethod -->
        <test-method status="PASS" signature="setupMethod(java.lang.String,java.lang.reflect.Method)[pri:0, instance:tests.ApplicationListTest@6816b0cb]" name="setupMethod" is-config="true" duration-ms="228" started-at="2021-08-10T18:33:32 EDT" finished-at="2021-08-10T18:33:33 EDT">
          <params>
            <param index="0">
              <value is-null="true"/>
            </param>
            <param index="1">
              <value>
                <![CDATA[public void tests.ApplicationListTest.homeButtonCheck()]]>
              </value>
            </param>
          </params>
          <reporter-output>
          </reporter-output>
        </test-method> <!-- setupMethod -->
        <test-method status="PASS" signature="homeButtonCheck()[pri:0, instance:tests.ApplicationListTest@6816b0cb]" name="homeButtonCheck" duration-ms="1321" started-at="2021-08-10T18:33:33 EDT" finished-at="2021-08-10T18:33:34 EDT">
          <reporter-output>
          </reporter-output>
        </test-method> <!-- homeButtonCheck -->
        <test-method status="PASS" signature="tearDownMethod(org.testng.ITestResult)[pri:0, instance:tests.ApplicationListTest@6816b0cb]" name="tearDownMethod" is-config="true" duration-ms="1" started-at="2021-08-10T18:33:34 EDT" finished-at="2021-08-10T18:33:34 EDT">
          <params>
            <param index="0">
              <value>
                <![CDATA[[TestResult name=homeButtonCheck status=SUCCESS method=ApplicationListTest.homeButtonCheck()[pri:0, instance:tests.ApplicationListTest@6816b0cb] output={null}]]]>
              </value>
            </param>
          </params>
          <reporter-output>
          </reporter-output>
        </test-method> <!-- tearDownMethod -->
        <test-method status="PASS" signature="setupMethod(java.lang.String,java.lang.reflect.Method)[pri:0, instance:tests.ApplicationListTest@6816b0cb]" name="setupMethod" is-config="true" duration-ms="245" started-at="2021-08-10T18:33:34 EDT" finished-at="2021-08-10T18:33:34 EDT">
          <params>
            <param index="0">
              <value is-null="true"/>
            </param>
            <param index="1">
              <value>
                <![CDATA[public void tests.ApplicationListTest.loanButtonCheck()]]>
              </value>
            </param>
          </params>
          <reporter-output>
          </reporter-output>
        </test-method> <!-- setupMethod -->
        <test-method status="PASS" signature="loanButtonCheck()[pri:0, instance:tests.ApplicationListTest@6816b0cb]" name="loanButtonCheck" duration-ms="1380" started-at="2021-08-10T18:33:34 EDT" finished-at="2021-08-10T18:33:36 EDT">
          <reporter-output>
          </reporter-output>
        </test-method> <!-- loanButtonCheck -->
        <test-method status="PASS" signature="tearDownMethod(org.testng.ITestResult)[pri:0, instance:tests.ApplicationListTest@6816b0cb]" name="tearDownMethod" is-config="true" duration-ms="0" started-at="2021-08-10T18:33:36 EDT" finished-at="2021-08-10T18:33:36 EDT">
          <params>
            <param index="0">
              <value>
                <![CDATA[[TestResult name=loanButtonCheck status=SUCCESS method=ApplicationListTest.loanButtonCheck()[pri:0, instance:tests.ApplicationListTest@6816b0cb] output={null}]]]>
              </value>
            </param>
          </params>
          <reporter-output>
          </reporter-output>
        </test-method> <!-- tearDownMethod -->
      </class> <!-- tests.ApplicationListTest -->
      <class name="tests.SignUpTests">
        <test-method status="PASS" signature="setupMethod(java.lang.String,java.lang.reflect.Method)[pri:0, instance:tests.SignUpTests@64f6964f]" name="setupMethod" is-config="true" duration-ms="243" started-at="2021-08-10T18:33:36 EDT" finished-at="2021-08-10T18:33:36 EDT">
          <params>
            <param index="0">
              <value is-null="true"/>
            </param>
            <param index="1">
              <value>
                <![CDATA[public void tests.SignUpTests.SignUpWithExistingUser()]]>
              </value>
            </param>
          </params>
          <reporter-output>
          </reporter-output>
        </test-method> <!-- setupMethod -->
        <test-method status="PASS" signature="SignUpWithExistingUser()[pri:0, instance:tests.SignUpTests@64f6964f]" name="SignUpWithExistingUser" duration-ms="612" started-at="2021-08-10T18:33:36 EDT" finished-at="2021-08-10T18:33:36 EDT">
          <reporter-output>
          </reporter-output>
        </test-method> <!-- SignUpWithExistingUser -->
        <test-method status="PASS" signature="tearDownMethod(org.testng.ITestResult)[pri:0, instance:tests.SignUpTests@64f6964f]" name="tearDownMethod" is-config="true" duration-ms="0" started-at="2021-08-10T18:33:36 EDT" finished-at="2021-08-10T18:33:36 EDT">
          <params>
            <param index="0">
              <value>
                <![CDATA[[TestResult name=SignUpWithExistingUser status=SUCCESS method=SignUpTests.SignUpWithExistingUser()[pri:0, instance:tests.SignUpTests@64f6964f] output={null}]]]>
              </value>
            </param>
          </params>
          <reporter-output>
          </reporter-output>
        </test-method> <!-- tearDownMethod -->
        <test-method status="PASS" signature="setupMethod(java.lang.String,java.lang.reflect.Method)[pri:0, instance:tests.SignUpTests@64f6964f]" name="setupMethod" is-config="true" duration-ms="256" started-at="2021-08-10T18:33:36 EDT" finished-at="2021-08-10T18:33:37 EDT">
          <params>
            <param index="0">
              <value is-null="true"/>
            </param>
            <param index="1">
              <value>
                <![CDATA[public void tests.SignUpTests.SignUpWithUnsafePassword()]]>
              </value>
            </param>
          </params>
          <reporter-output>
          </reporter-output>
        </test-method> <!-- setupMethod -->
        <test-method status="PASS" signature="SignUpWithUnsafePassword()[pri:0, instance:tests.SignUpTests@64f6964f]" name="SignUpWithUnsafePassword" duration-ms="3809" started-at="2021-08-10T18:33:37 EDT" finished-at="2021-08-10T18:33:40 EDT">
          <reporter-output>
          </reporter-output>
        </test-method> <!-- SignUpWithUnsafePassword -->
        <test-method status="PASS" signature="tearDownMethod(org.testng.ITestResult)[pri:0, instance:tests.SignUpTests@64f6964f]" name="tearDownMethod" is-config="true" duration-ms="0" started-at="2021-08-10T18:33:40 EDT" finished-at="2021-08-10T18:33:40 EDT">
          <params>
            <param index="0">
              <value>
                <![CDATA[[TestResult name=SignUpWithUnsafePassword status=SUCCESS method=SignUpTests.SignUpWithUnsafePassword()[pri:0, instance:tests.SignUpTests@64f6964f] output={null}]]]>
              </value>
            </param>
          </params>
          <reporter-output>
          </reporter-output>
        </test-method> <!-- tearDownMethod -->
        <test-method status="PASS" signature="setupMethod(java.lang.String,java.lang.reflect.Method)[pri:0, instance:tests.SignUpTests@64f6964f]" name="setupMethod" is-config="true" duration-ms="230" started-at="2021-08-10T18:33:40 EDT" finished-at="2021-08-10T18:33:41 EDT">
          <params>
            <param index="0">
              <value is-null="true"/>
            </param>
            <param index="1">
              <value>
                <![CDATA[public void tests.SignUpTests.SignUpWithUnusualNameAndWrongEmailFormat()]]>
              </value>
            </param>
          </params>
          <reporter-output>
          </reporter-output>
        </test-method> <!-- setupMethod -->
        <test-method status="PASS" signature="SignUpWithUnusualNameAndWrongEmailFormat()[pri:0, instance:tests.SignUpTests@64f6964f]" name="SignUpWithUnusualNameAndWrongEmailFormat" duration-ms="596" started-at="2021-08-10T18:33:41 EDT" finished-at="2021-08-10T18:33:41 EDT">
          <reporter-output>
          </reporter-output>
        </test-method> <!-- SignUpWithUnusualNameAndWrongEmailFormat -->
        <test-method status="PASS" signature="tearDownMethod(org.testng.ITestResult)[pri:0, instance:tests.SignUpTests@64f6964f]" name="tearDownMethod" is-config="true" duration-ms="1" started-at="2021-08-10T18:33:41 EDT" finished-at="2021-08-10T18:33:41 EDT">
          <params>
            <param index="0">
              <value>
                <![CDATA[[TestResult name=SignUpWithUnusualNameAndWrongEmailFormat status=SUCCESS method=SignUpTests.SignUpWithUnusualNameAndWrongEmailFormat()[pri:0, instance:tests.SignUpTests@64f6964f] output={null}]]]>
              </value>
            </param>
          </params>
          <reporter-output>
          </reporter-output>
        </test-method> <!-- tearDownMethod -->
        <test-method status="PASS" signature="setupMethod(java.lang.String,java.lang.reflect.Method)[pri:0, instance:tests.SignUpTests@64f6964f]" name="setupMethod" is-config="true" duration-ms="281" started-at="2021-08-10T18:33:41 EDT" finished-at="2021-08-10T18:33:42 EDT">
          <params>
            <param index="0">
              <value is-null="true"/>
            </param>
            <param index="1">
              <value>
                <![CDATA[public void tests.SignUpTests.negativeSignUpWithCharactersInsteadOfEmail()]]>
              </value>
            </param>
          </params>
          <reporter-output>
          </reporter-output>
        </test-method> <!-- setupMethod -->
        <test-method status="PASS" signature="negativeSignUpWithCharactersInsteadOfEmail()[pri:0, instance:tests.SignUpTests@64f6964f]" name="negativeSignUpWithCharactersInsteadOfEmail" duration-ms="3875" started-at="2021-08-10T18:33:42 EDT" finished-at="2021-08-10T18:33:45 EDT">
          <reporter-output>
          </reporter-output>
        </test-method> <!-- negativeSignUpWithCharactersInsteadOfEmail -->
        <test-method status="PASS" signature="tearDownMethod(org.testng.ITestResult)[pri:0, instance:tests.SignUpTests@64f6964f]" name="tearDownMethod" is-config="true" duration-ms="0" started-at="2021-08-10T18:33:45 EDT" finished-at="2021-08-10T18:33:45 EDT">
          <params>
            <param index="0">
              <value>
                <![CDATA[[TestResult name=negativeSignUpWithCharactersInsteadOfEmail status=SUCCESS method=SignUpTests.negativeSignUpWithCharactersInsteadOfEmail()[pri:0, instance:tests.SignUpTests@64f6964f] output={null}]]]>
              </value>
            </param>
          </params>
          <reporter-output>
          </reporter-output>
        </test-method> <!-- tearDownMethod -->
        <test-method status="PASS" signature="setupMethod(java.lang.String,java.lang.reflect.Method)[pri:0, instance:tests.SignUpTests@64f6964f]" name="setupMethod" is-config="true" duration-ms="251" started-at="2021-08-10T18:33:45 EDT" finished-at="2021-08-10T18:33:46 EDT">
          <params>
            <param index="0">
              <value is-null="true"/>
            </param>
            <param index="1">
              <value>
                <![CDATA[public void tests.SignUpTests.negativeSignUpWithEmptyFirstName()]]>
              </value>
            </param>
          </params>
          <reporter-output>
          </reporter-output>
        </test-method> <!-- setupMethod -->
        <test-method status="PASS" signature="negativeSignUpWithEmptyFirstName()[pri:0, instance:tests.SignUpTests@64f6964f]" name="negativeSignUpWithEmptyFirstName" duration-ms="3837" started-at="2021-08-10T18:33:46 EDT" finished-at="2021-08-10T18:33:50 EDT">
          <reporter-output>
          </reporter-output>
        </test-method> <!-- negativeSignUpWithEmptyFirstName -->
        <test-method status="PASS" signature="tearDownMethod(org.testng.ITestResult)[pri:0, instance:tests.SignUpTests@64f6964f]" name="tearDownMethod" is-config="true" duration-ms="2" started-at="2021-08-10T18:33:50 EDT" finished-at="2021-08-10T18:33:50 EDT">
          <params>
            <param index="0">
              <value>
                <![CDATA[[TestResult name=negativeSignUpWithEmptyFirstName status=SUCCESS method=SignUpTests.negativeSignUpWithEmptyFirstName()[pri:0, instance:tests.SignUpTests@64f6964f] output={null}]]]>
              </value>
            </param>
          </params>
          <reporter-output>
          </reporter-output>
        </test-method> <!-- tearDownMethod -->
        <test-method status="PASS" signature="setupMethod(java.lang.String,java.lang.reflect.Method)[pri:0, instance:tests.SignUpTests@64f6964f]" name="setupMethod" is-config="true" duration-ms="243" started-at="2021-08-10T18:33:50 EDT" finished-at="2021-08-10T18:33:50 EDT">
          <params>
            <param index="0">
              <value is-null="true"/>
            </param>
            <param index="1">
              <value>
                <![CDATA[public void tests.SignUpTests.negativeSignUpWithEmptyLastName()]]>
              </value>
            </param>
          </params>
          <reporter-output>
          </reporter-output>
        </test-method> <!-- setupMethod -->
        <test-method status="PASS" signature="negativeSignUpWithEmptyLastName()[pri:0, instance:tests.SignUpTests@64f6964f]" name="negativeSignUpWithEmptyLastName" duration-ms="3761" started-at="2021-08-10T18:33:50 EDT" finished-at="2021-08-10T18:33:54 EDT">
          <reporter-output>
          </reporter-output>
        </test-method> <!-- negativeSignUpWithEmptyLastName -->
        <test-method status="PASS" signature="tearDownMethod(org.testng.ITestResult)[pri:0, instance:tests.SignUpTests@64f6964f]" name="tearDownMethod" is-config="true" duration-ms="1" started-at="2021-08-10T18:33:54 EDT" finished-at="2021-08-10T18:33:54 EDT">
          <params>
            <param index="0">
              <value>
                <![CDATA[[TestResult name=negativeSignUpWithEmptyLastName status=SUCCESS method=SignUpTests.negativeSignUpWithEmptyLastName()[pri:0, instance:tests.SignUpTests@64f6964f] output={null}]]]>
              </value>
            </param>
          </params>
          <reporter-output>
          </reporter-output>
        </test-method> <!-- tearDownMethod -->
        <test-method status="PASS" signature="setupMethod(java.lang.String,java.lang.reflect.Method)[pri:0, instance:tests.SignUpTests@64f6964f]" name="setupMethod" is-config="true" duration-ms="238" started-at="2021-08-10T18:33:54 EDT" finished-at="2021-08-10T18:33:54 EDT">
          <params>
            <param index="0">
              <value is-null="true"/>
            </param>
            <param index="1">
              <value>
                <![CDATA[public void tests.SignUpTests.negativeSignUpWithWrongEmail()]]>
              </value>
            </param>
          </params>
          <reporter-output>
          </reporter-output>
        </test-method> <!-- setupMethod -->
        <test-method status="PASS" signature="negativeSignUpWithWrongEmail()[pri:0, instance:tests.SignUpTests@64f6964f]" name="negativeSignUpWithWrongEmail" duration-ms="507" started-at="2021-08-10T18:33:54 EDT" finished-at="2021-08-10T18:33:54 EDT">
          <reporter-output>
          </reporter-output>
        </test-method> <!-- negativeSignUpWithWrongEmail -->
        <test-method status="PASS" signature="tearDownMethod(org.testng.ITestResult)[pri:0, instance:tests.SignUpTests@64f6964f]" name="tearDownMethod" is-config="true" duration-ms="0" started-at="2021-08-10T18:33:54 EDT" finished-at="2021-08-10T18:33:54 EDT">
          <params>
            <param index="0">
              <value>
                <![CDATA[[TestResult name=negativeSignUpWithWrongEmail status=SUCCESS method=SignUpTests.negativeSignUpWithWrongEmail()[pri:0, instance:tests.SignUpTests@64f6964f] output={null}]]]>
              </value>
            </param>
          </params>
          <reporter-output>
          </reporter-output>
        </test-method> <!-- tearDownMethod -->
        <test-method status="PASS" signature="setupMethod(java.lang.String,java.lang.reflect.Method)[pri:0, instance:tests.SignUpTests@64f6964f]" name="setupMethod" is-config="true" duration-ms="257" started-at="2021-08-10T18:33:54 EDT" finished-at="2021-08-10T18:33:55 EDT">
          <params>
            <param index="0">
              <value is-null="true"/>
            </param>
            <param index="1">
              <value>
                <![CDATA[public void tests.SignUpTests.positiveSignUpWithFaker()]]>
              </value>
            </param>
          </params>
          <reporter-output>
          </reporter-output>
        </test-method> <!-- setupMethod -->
        <test-method status="PASS" signature="positiveSignUpWithFaker()[pri:0, instance:tests.SignUpTests@64f6964f]" name="positiveSignUpWithFaker" duration-ms="3729" started-at="2021-08-10T18:33:55 EDT" finished-at="2021-08-10T18:33:58 EDT">
          <reporter-output>
          </reporter-output>
        </test-method> <!-- positiveSignUpWithFaker -->
        <test-method status="PASS" signature="tearDownMethod(org.testng.ITestResult)[pri:0, instance:tests.SignUpTests@64f6964f]" name="tearDownMethod" is-config="true" duration-ms="0" started-at="2021-08-10T18:33:58 EDT" finished-at="2021-08-10T18:33:58 EDT">
          <params>
            <param index="0">
              <value>
                <![CDATA[[TestResult name=positiveSignUpWithFaker status=SUCCESS method=SignUpTests.positiveSignUpWithFaker()[pri:0, instance:tests.SignUpTests@64f6964f] output={null}]]]>
              </value>
            </param>
          </params>
          <reporter-output>
          </reporter-output>
        </test-method> <!-- tearDownMethod -->
        <test-method status="PASS" signature="setupMethod(java.lang.String,java.lang.reflect.Method)[pri:0, instance:tests.SignUpTests@64f6964f]" name="setupMethod" is-config="true" duration-ms="290" started-at="2021-08-10T18:33:58 EDT" finished-at="2021-08-10T18:33:59 EDT">
          <params>
            <param index="0">
              <value is-null="true"/>
            </param>
            <param index="1">
              <value>
                <![CDATA[public void tests.SignUpTests.positiveSignUpWithMockData(java.lang.String,java.lang.String,java.lang.String,java.lang.String)]]>
              </value>
            </param>
          </params>
          <reporter-output>
          </reporter-output>
        </test-method> <!-- setupMethod -->
        <test-method status="PASS" signature="positiveSignUpWithMockData(java.lang.String,java.lang.String,java.lang.String,java.lang.String)[pri:0, instance:tests.SignUpTests@64f6964f]" name="positiveSignUpWithMockData" duration-ms="3702" started-at="2021-08-10T18:33:59 EDT" data-provider="getData" finished-at="2021-08-10T18:34:02 EDT">
          <params>
            <param index="0">
              <value>
                <![CDATA[Emalia]]>
              </value>
            </param>
            <param index="1">
              <value>
                <![CDATA[MacGuffog]]>
              </value>
            </param>
            <param index="2">
              <value>
                <![CDATA[e3mac1422guff11@tinypic.com]]>
              </value>
            </param>
            <param index="3">
              <value>
                <![CDATA[wuTtnNaFCG]]>
              </value>
            </param>
          </params>
          <reporter-output>
          </reporter-output>
        </test-method> <!-- positiveSignUpWithMockData -->
        <test-method status="PASS" signature="tearDownMethod(org.testng.ITestResult)[pri:0, instance:tests.SignUpTests@64f6964f]" name="tearDownMethod" is-config="true" duration-ms="0" started-at="2021-08-10T18:34:02 EDT" finished-at="2021-08-10T18:34:02 EDT">
          <params>
            <param index="0">
              <value>
                <![CDATA[[TestResult name=positiveSignUpWithMockData status=SUCCESS method=SignUpTests.positiveSignUpWithMockData(java.lang.String,java.lang.String,java.lang.String,java.lang.String)[pri:0, instance:tests.SignUpTests@64f6964f] output={null}]]]>
              </value>
            </param>
          </params>
          <reporter-output>
          </reporter-output>
        </test-method> <!-- tearDownMethod -->
      </class> <!-- tests.SignUpTests -->
      <class name="tests.ApplicationTest">
        <test-method status="PASS" signature="setupReport()[pri:0, instance:tests.ApplicationTest@f29353f]" name="setupReport" is-config="true" duration-ms="400" started-at="2021-08-10T18:28:15 EDT" finished-at="2021-08-10T18:28:16 EDT">
          <reporter-output>
          </reporter-output>
        </test-method> <!-- setupReport -->
        <test-method status="PASS" signature="setupMethod(java.lang.String,java.lang.reflect.Method)[pri:0, instance:tests.ApplicationTest@f29353f]" name="setupMethod" is-config="true" duration-ms="1127" started-at="2021-08-10T18:28:16 EDT" finished-at="2021-08-10T18:28:17 EDT">
          <params>
            <param index="0">
              <value is-null="true"/>
            </param>
            <param index="1">
              <value>
                <![CDATA[public void tests.ApplicationTest.clickApplicationListAndVerifyUrl()]]>
              </value>
            </param>
          </params>
          <reporter-output>
          </reporter-output>
        </test-method> <!-- setupMethod -->
        <test-method status="PASS" signature="clickApplicationListAndVerifyUrl()[pri:0, instance:tests.ApplicationTest@f29353f]" name="clickApplicationListAndVerifyUrl" duration-ms="3269" started-at="2021-08-10T18:28:17 EDT" finished-at="2021-08-10T18:28:20 EDT">
          <reporter-output>
          </reporter-output>
        </test-method> <!-- clickApplicationListAndVerifyUrl -->
        <test-method status="PASS" signature="tearDownMethod(org.testng.ITestResult)[pri:0, instance:tests.ApplicationTest@f29353f]" name="tearDownMethod" is-config="true" duration-ms="1" started-at="2021-08-10T18:28:20 EDT" finished-at="2021-08-10T18:28:20 EDT">
          <params>
            <param index="0">
              <value>
                <![CDATA[[TestResult name=clickApplicationListAndVerifyUrl status=SUCCESS method=ApplicationTest.clickApplicationListAndVerifyUrl()[pri:0, instance:tests.ApplicationTest@f29353f] output={null}]]]>
              </value>
            </param>
          </params>
          <reporter-output>
          </reporter-output>
        </test-method> <!-- tearDownMethod -->
        <test-method status="PASS" signature="setupMethod(java.lang.String,java.lang.reflect.Method)[pri:0, instance:tests.ApplicationTest@f29353f]" name="setupMethod" is-config="true" duration-ms="297" started-at="2021-08-10T18:28:20 EDT" finished-at="2021-08-10T18:28:20 EDT">
          <params>
            <param index="0">
              <value is-null="true"/>
            </param>
            <param index="1">
              <value>
                <![CDATA[public void tests.ApplicationTest.clickMortgageAppAndVerifyUrl()]]>
              </value>
            </param>
          </params>
          <reporter-output>
          </reporter-output>
        </test-method> <!-- setupMethod -->
        <test-method status="PASS" signature="clickMortgageAppAndVerifyUrl()[pri:0, instance:tests.ApplicationTest@f29353f]" name="clickMortgageAppAndVerifyUrl" duration-ms="3138" started-at="2021-08-10T18:28:20 EDT" finished-at="2021-08-10T18:28:23 EDT">
          <reporter-output>
          </reporter-output>
        </test-method> <!-- clickMortgageAppAndVerifyUrl -->
        <test-method status="PASS" signature="tearDownMethod(org.testng.ITestResult)[pri:0, instance:tests.ApplicationTest@f29353f]" name="tearDownMethod" is-config="true" duration-ms="1" started-at="2021-08-10T18:28:23 EDT" finished-at="2021-08-10T18:28:23 EDT">
          <params>
            <param index="0">
              <value>
                <![CDATA[[TestResult name=clickMortgageAppAndVerifyUrl status=SUCCESS method=ApplicationTest.clickMortgageAppAndVerifyUrl()[pri:0, instance:tests.ApplicationTest@f29353f] output={null}]]]>
              </value>
            </param>
          </params>
          <reporter-output>
          </reporter-output>
        </test-method> <!-- tearDownMethod -->
        <test-method status="PASS" signature="setupMethod(java.lang.String,java.lang.reflect.Method)[pri:0, instance:tests.ApplicationTest@f29353f]" name="setupMethod" is-config="true" duration-ms="293" started-at="2021-08-10T18:28:23 EDT" finished-at="2021-08-10T18:28:24 EDT">
          <params>
            <param index="0">
              <value is-null="true"/>
            </param>
            <param index="1">
              <value>
                <![CDATA[public void tests.ApplicationTest.logOutTest()]]>
              </value>
            </param>
          </params>
          <reporter-output>
          </reporter-output>
        </test-method> <!-- setupMethod -->
        <test-method status="PASS" signature="logOutTest()[pri:0, instance:tests.ApplicationTest@f29353f]" name="logOutTest" duration-ms="2150" started-at="2021-08-10T18:28:24 EDT" finished-at="2021-08-10T18:28:26 EDT">
          <reporter-output>
          </reporter-output>
        </test-method> <!-- logOutTest -->
        <test-method status="PASS" signature="tearDownMethod(org.testng.ITestResult)[pri:0, instance:tests.ApplicationTest@f29353f]" name="tearDownMethod" is-config="true" duration-ms="0" started-at="2021-08-10T18:28:26 EDT" finished-at="2021-08-10T18:28:26 EDT">
          <params>
            <param index="0">
              <value>
                <![CDATA[[TestResult name=logOutTest status=SUCCESS method=ApplicationTest.logOutTest()[pri:0, instance:tests.ApplicationTest@f29353f] output={null}]]]>
              </value>
            </param>
          </params>
          <reporter-output>
          </reporter-output>
        </test-method> <!-- tearDownMethod -->
        <test-method status="PASS" signature="setupMethod(java.lang.String,java.lang.reflect.Method)[pri:0, instance:tests.ApplicationTest@f29353f]" name="setupMethod" is-config="true" duration-ms="305" started-at="2021-08-10T18:28:26 EDT" finished-at="2021-08-10T18:28:26 EDT">
          <params>
            <param index="0">
              <value is-null="true"/>
            </param>
            <param index="1">
              <value>
                <![CDATA[public void tests.ApplicationTest.verifyLoanApplicationPageTitle()]]>
              </value>
            </param>
          </params>
          <reporter-output>
          </reporter-output>
        </test-method> <!-- setupMethod -->
        <test-method status="PASS" signature="verifyLoanApplicationPageTitle()[pri:0, instance:tests.ApplicationTest@f29353f]" name="verifyLoanApplicationPageTitle" duration-ms="1475" started-at="2021-08-10T18:28:26 EDT" finished-at="2021-08-10T18:28:28 EDT">
          <reporter-output>
          </reporter-output>
        </test-method> <!-- verifyLoanApplicationPageTitle -->
        <test-method status="PASS" signature="tearDownMethod(org.testng.ITestResult)[pri:0, instance:tests.ApplicationTest@f29353f]" name="tearDownMethod" is-config="true" duration-ms="0" started-at="2021-08-10T18:28:28 EDT" finished-at="2021-08-10T18:28:28 EDT">
          <params>
            <param index="0">
              <value>
                <![CDATA[[TestResult name=verifyLoanApplicationPageTitle status=SUCCESS method=ApplicationTest.verifyLoanApplicationPageTitle()[pri:0, instance:tests.ApplicationTest@f29353f] output={null}]]]>
              </value>
            </param>
          </params>
          <reporter-output>
          </reporter-output>
        </test-method> <!-- tearDownMethod -->
        <test-method status="PASS" signature="tearDownReport()[pri:0, instance:tests.ApplicationTest@f29353f]" name="tearDownReport" is-config="true" duration-ms="499" started-at="2021-08-10T18:34:03 EDT" finished-at="2021-08-10T18:34:03 EDT">
          <reporter-output>
          </reporter-output>
        </test-method> <!-- tearDownReport -->
      </class> <!-- tests.ApplicationTest -->
    </test> <!-- Surefire test -->
  </suite> <!-- Surefire suite -->
</testng-results>
