<?xml version="1.0" encoding="UTF-8"?>
<!-- Generated by org.testng.reporters.JUnitReportReporter -->
<testsuite skipped="0" hostname="Rafaels-MacBook-Pro.local" name="tests.MortgageApplicationTests" tests="32" failures="0" timestamp="2021-08-10T18:34:03 EDT" time="297.998" errors="1">
  <testcase name="expensesPageTestCheckingErrorText" time="8.799" classname="tests.MortgageApplicationTests"/>
  <system-out/>
  <testcase name="personalInformationPageTest" time="5.540" classname="tests.MortgageApplicationTests"/>
  <system-out/>
  <testcase name="preapprovalDetailsPageTest" time="1.770" classname="tests.MortgageApplicationTests"/>
  <system-out/>
  <testcase name="personalInformationTestForASingleCustomer" time="4.240" classname="tests.MortgageApplicationTests"/>
  <system-out/>
  <testcase name="employmentAndIncomeTestWithNegativeMonthlyIncome" time="14.366" classname="tests.MortgageApplicationTests"/>
  <system-out/>
  <testcase name="mortgageApplicationHealthCheck" time="2.536" classname="tests.MortgageApplicationTests"/>
  <system-out/>
  <testcase name="personalInformationNegativeTestWithWrongSSN" time="9.713" classname="tests.MortgageApplicationTests"/>
  <system-out/>
  <testcase name="personalInformationTestWithWrongCellNumber" time="3.764" classname="tests.MortgageApplicationTests"/>
  <system-out/>
  <testcase name="eConsentPositiveTestWithWrongFirstName" time="12.594" classname="tests.MortgageApplicationTests"/>
  <system-out/>
  <testcase name="eConsentPositiveTest" time="15.916" classname="tests.MortgageApplicationTests">
    <error type="org.openqa.selenium.ElementNotInteractableException" message="element not interactable
  (Session info: chrome=92.0.4515.131)
Build info: version: &#039;3.141.59&#039;, revision: &#039;e82be7d358&#039;, time: &#039;2018-11-14T08:17:03&#039;
System info: host: &#039;Rafaels-MacBook-Pro.local&#039;, ip: &#039;fe80:0:0:0:c72:5eef:b723:f97f%en0&#039;, os.name: &#039;Mac OS X&#039;, os.arch: &#039;x86_64&#039;, os.version: &#039;10.16&#039;, java.version: &#039;1.8.0_281&#039;
Driver info: org.openqa.selenium.chrome.ChromeDriver
Capabilities {acceptInsecureCerts: false, browserName: chrome, browserVersion: 92.0.4515.131, chrome: {chromedriverVersion: 92.0.4515.107 (87a818b10553..., userDataDir: /var/folders/vb/mz_37vxn07g...}, goog:chromeOptions: {debuggerAddress: localhost:59055}, javascriptEnabled: true, networkConnectionEnabled: false, pageLoadStrategy: normal, platform: MAC, platformName: MAC, proxy: Proxy(), setWindowRect: true, strictFileInteractability: false, timeouts: {implicit: 0, pageLoad: 300000, script: 30000}, unhandledPromptBehavior: dismiss and notify, webauthn:extension:credBlob: true, webauthn:extension:largeBlob: true, webauthn:virtualAuthenticators: true}
Session ID: 3f9ad4e5b0f651c010c8b6b906323449">
      <![CDATA[org.openqa.selenium.ElementNotInteractableException: element not interactable
  (Session info: chrome=92.0.4515.131)
Build info: version: '3.141.59', revision: 'e82be7d358', time: '2018-11-14T08:17:03'
System info: host: 'Rafaels-MacBook-Pro.local', ip: 'fe80:0:0:0:c72:5eef:b723:f97f%en0', os.name: 'Mac OS X', os.arch: 'x86_64', os.version: '10.16', java.version: '1.8.0_281'
Driver info: org.openqa.selenium.chrome.ChromeDriver
Capabilities {acceptInsecureCerts: false, browserName: chrome, browserVersion: 92.0.4515.131, chrome: {chromedriverVersion: 92.0.4515.107 (87a818b10553..., userDataDir: /var/folders/vb/mz_37vxn07g...}, goog:chromeOptions: {debuggerAddress: localhost:59055}, javascriptEnabled: true, networkConnectionEnabled: false, pageLoadStrategy: normal, platform: MAC, platformName: MAC, proxy: Proxy(), setWindowRect: true, strictFileInteractability: false, timeouts: {implicit: 0, pageLoad: 300000, script: 30000}, unhandledPromptBehavior: dismiss and notify, webauthn:extension:credBlob: true, webauthn:extension:largeBlob: true, webauthn:virtualAuthenticators: true}
Session ID: 3f9ad4e5b0f651c010c8b6b906323449
at sun.reflect.NativeConstructorAccessorImpl.newInstance0(Native Method)
at sun.reflect.NativeConstructorAccessorImpl.newInstance(NativeConstructorAccessorImpl.java:62)
at sun.reflect.DelegatingConstructorAccessorImpl.newInstance(DelegatingConstructorAccessorImpl.java:45)
at java.lang.reflect.Constructor.newInstance(Constructor.java:423)
at org.openqa.selenium.remote.http.W3CHttpResponseCodec.createException(W3CHttpResponseCodec.java:187)
at org.openqa.selenium.remote.http.W3CHttpResponseCodec.decode(W3CHttpResponseCodec.java:122)
at org.openqa.selenium.remote.http.W3CHttpResponseCodec.decode(W3CHttpResponseCodec.java:49)
at org.openqa.selenium.remote.HttpCommandExecutor.execute(HttpCommandExecutor.java:158)
at org.openqa.selenium.remote.service.DriverCommandExecutor.execute(DriverCommandExecutor.java:83)
at org.openqa.selenium.remote.RemoteWebDriver.execute(RemoteWebDriver.java:552)
at org.openqa.selenium.remote.RemoteWebElement.execute(RemoteWebElement.java:285)
at org.openqa.selenium.remote.RemoteWebElement.sendKeys(RemoteWebElement.java:106)
at sun.reflect.GeneratedMethodAccessor1.invoke(Unknown Source)
at sun.reflect.DelegatingMethodAccessorImpl.invoke(DelegatingMethodAccessorImpl.java:43)
at java.lang.reflect.Method.invoke(Method.java:498)
at org.openqa.selenium.support.pagefactory.internal.LocatingElementHandler.invoke(LocatingElementHandler.java:51)
at com.sun.proxy.$Proxy11.sendKeys(Unknown Source)
at tests.MortgageApplicationTests.eConsentPositiveTest(MortgageApplicationTests.java:526)
at sun.reflect.NativeMethodAccessorImpl.invoke0(Native Method)
at sun.reflect.NativeMethodAccessorImpl.invoke(NativeMethodAccessorImpl.java:62)
at sun.reflect.DelegatingMethodAccessorImpl.invoke(DelegatingMethodAccessorImpl.java:43)
at java.lang.reflect.Method.invoke(Method.java:498)
at org.testng.internal.MethodInvocationHelper.invokeMethod(MethodInvocationHelper.java:133)
at org.testng.internal.TestInvoker.invokeMethod(TestInvoker.java:598)
at org.testng.internal.TestInvoker.invokeTestMethod(TestInvoker.java:173)
at org.testng.internal.MethodRunner.runInSequence(MethodRunner.java:46)
at org.testng.internal.TestInvoker$MethodInvocationAgent.invoke(TestInvoker.java:824)
at org.testng.internal.TestInvoker.invokeTestMethods(TestInvoker.java:146)
at org.testng.internal.TestMethodWorker.invokeTestMethods(TestMethodWorker.java:146)
at org.testng.internal.TestMethodWorker.run(TestMethodWorker.java:128)
at java.util.ArrayList.forEach(ArrayList.java:1259)
at org.testng.TestRunner.privateRun(TestRunner.java:794)
at org.testng.TestRunner.run(TestRunner.java:596)
at org.testng.SuiteRunner.runTest(SuiteRunner.java:377)
at org.testng.SuiteRunner.runSequentially(SuiteRunner.java:371)
at org.testng.SuiteRunner.privateRun(SuiteRunner.java:332)
at org.testng.SuiteRunner.run(SuiteRunner.java:276)
at org.testng.SuiteRunnerWorker.runSuite(SuiteRunnerWorker.java:53)
at org.testng.SuiteRunnerWorker.run(SuiteRunnerWorker.java:96)
at org.testng.TestNG.runSuitesSequentially(TestNG.java:1212)
at org.testng.TestNG.runSuitesLocally(TestNG.java:1134)
at org.testng.TestNG.runSuites(TestNG.java:1063)
at org.testng.TestNG.run(TestNG.java:1031)
at org.apache.maven.surefire.testng.TestNGExecutor.run(TestNGExecutor.java:136)
at org.apache.maven.surefire.testng.TestNGDirectoryTestSuite.executeMulti(TestNGDirectoryTestSuite.java:193)
at org.apache.maven.surefire.testng.TestNGDirectoryTestSuite.execute(TestNGDirectoryTestSuite.java:94)
at org.apache.maven.surefire.testng.TestNGProvider.invoke(TestNGProvider.java:145)
at org.apache.maven.surefire.booter.ForkedBooter.runSuitesInProcess(ForkedBooter.java:428)
at org.apache.maven.surefire.booter.ForkedBooter.execute(ForkedBooter.java:162)
at org.apache.maven.surefire.booter.ForkedBooter.run(ForkedBooter.java:562)
at org.apache.maven.surefire.booter.ForkedBooter.main(ForkedBooter.java:548)
]]>
    </error>
  </testcase> <!-- eConsentPositiveTest -->
  <system-out/>
  <testcase name="employmentAndIncomeTestWithNegativeMonthlyDividends" time="16.182" classname="tests.MortgageApplicationTests"/>
  <system-out/>
  <testcase name="personalInformationTestNoClickingPrivatePolicy" time="4.032" classname="tests.MortgageApplicationTests"/>
  <system-out/>
  <testcase name="employmentAndIncomeTestWithNoEmployerName" time="13.009" classname="tests.MortgageApplicationTests"/>
  <system-out/>
  <testcase name="employmentAndIncomePositiveTest" time="13.332" classname="tests.MortgageApplicationTests"/>
  <system-out/>
  <testcase name="employmentAndIncomeTestWithNegativeMonthlyBonuses" time="21.921" classname="tests.MortgageApplicationTests"/>
  <system-out/>
  <testcase name="summaryPageTest" time="8.581" classname="tests.MortgageApplicationTests"/>
  <system-out/>
  <testcase name="preapprovalDetailsPositiveTest" time="3.116" classname="tests.MortgageApplicationTests"/>
  <system-out/>
  <testcase name="preapprovalDetailsNegativeTestWithWrongRealtorInfo" time="3.305" classname="tests.MortgageApplicationTests"/>
  <system-out/>
  <testcase name="personalInformationNegativeTestWithEmptyName" time="7.443" classname="tests.MortgageApplicationTests"/>
  <system-out/>
  <testcase name="eConsentPageTest" time="10.670" classname="tests.MortgageApplicationTests"/>
  <system-out/>
  <testcase name="eConsentPositiveTestWithWrongEmailFormat" time="14.061" classname="tests.MortgageApplicationTests"/>
  <system-out/>
  <testcase name="personalInformationTestAndClickPrivacyPolicyLink" time="3.491" classname="tests.MortgageApplicationTests"/>
  <system-out/>
  <testcase name="preapprovalDetailsTestCheckingCalculatedLoanAmount" time="4.435" classname="tests.MortgageApplicationTests"/>
  <system-out/>
  <testcase name="personalInformationNegativeTestWithWrongDateOfBirth" time="7.656" classname="tests.MortgageApplicationTests"/>
  <system-out/>
  <testcase name="creditReportPositiveTest" time="11.322" classname="tests.MortgageApplicationTests"/>
  <system-out/>
  <testcase name="expensesPositiveTest" time="8.887" classname="tests.MortgageApplicationTests"/>
  <system-out/>
  <testcase name="employmentAndIncomeTestCheckingMonthlyIncomeCalculation" time="13.099" classname="tests.MortgageApplicationTests"/>
  <system-out/>
  <testcase name="employmentAndIncomeTestWithNegativeMonthlyOvertime" time="11.221" classname="tests.MortgageApplicationTests"/>
  <system-out/>
  <testcase name="employmentAndIncomeTestWithNegativeMonthlyCommissions" time="14.886" classname="tests.MortgageApplicationTests"/>
  <system-out/>
  <testcase name="personalInformationPositiveTest" time="6.714" classname="tests.MortgageApplicationTests"/>
  <system-out/>
  <testcase name="personalInformationTestWithWrongEmailFormat" time="4.031" classname="tests.MortgageApplicationTests"/>
  <system-out/>
  <testcase name="eConsentPositiveTestWithWrongLastName" time="17.366" classname="tests.MortgageApplicationTests"/>
  <system-out/>
</testsuite> <!-- tests.MortgageApplicationTests -->
